#
# A fatal error has been detected by the Java Runtime Environment:
#
#  SIGSEGV (0xb) at pc=0x00007fff89980064, pid=4262, tid=1299
#
# JRE version: Java(TM) SE Runtime Environment (8.0_11-b12) (build 1.8.0_11-b12)
# Java VM: Java HotSpot(TM) 64-Bit Server VM (25.11-b03 mixed mode bsd-amd64 compressed oops)
# Problematic frame:
# C  [libobjc.A.dylib+0x9064]  objc_retain+0x14
#
# Failed to write core dump. Core dumps have been disabled. To enable core dumping, try "ulimit -c unlimited" before starting Java again
#
# If you would like to submit a bug report, please visit:
#   http://bugreport.sun.com/bugreport/crash.jsp
# The crash happened outside the Java Virtual Machine in native code.
# See problematic frame for where to report the bug.
#

---------------  T H R E A D  ---------------

Current thread (0x00007ff68b0c5000):  JavaThread "JavaFX Application Thread" [_thread_in_native, id=1299, stack(0x00007fff5c0bb000,0x00007fff5c8bb000)]

siginfo:si_signo=SIGSEGV: si_errno=0, si_code=0 (SEGV0), si_addr=0x0000000000000000

Registers:
RAX=0xe00007ff68a6b356, RBX=0x00007ff68a6acff0, RCX=0x00000000ffffffff, RDX=0x0000000000000050
RSP=0x00007fff5c8b6628, RBP=0x00007fff5c8b6640, RSI=0x00007fff915e5138, RDI=0x00007ff68a6f5c90
R8 =0x0000000000000002, R9 =0x00007fff756ab300, R10=0x00007ff68cd11890, R11=0x00007fff75d8adf8
R12=0x0000000000000001, R13=0x00007fff899780c0, R14=0x00007fff748545b8, R15=0x0000000000000000
RIP=0x00007fff89980064, EFLAGS=0x0000000000010246, ERR=0x0000000000000000
  TRAPNO=0x000000000000000d

Top of Stack: (sp=0x00007fff5c8b6628)
0x00007fff5c8b6628:   00007fff89981656 0000000000000000
0x00007fff5c8b6638:   00007ff68a6acfa0 00007fff5c8b6680
0x00007fff5c8b6648:   00007fff90cdab86 00007fff90cdaa14
0x00007fff5c8b6658:   00007ff68cf106e0 0000000000000001
0x00007fff5c8b6668:   00007ff68a40ac88 00007ff68cf10650
0x00007fff5c8b6678:   00007fff5c8b66c8 00007fff5c8b66a0
0x00007fff5c8b6688:   00007fff90cdaa31 00007fff90cdaa14
0x00007fff5c8b6698:   00007ff68cf10640 00007fff5c8b66b0
0x00007fff5c8b66a8:   00007fff8f320127 00007fff5c8b6740
0x00007fff5c8b66b8:   00007fff8f320080 00007ff68a592470
0x00007fff5c8b66c8:   00007ff68cf10640 00007fff5c8b6740
0x00007fff5c8b66d8:   00007fff8f31ff66 00007fff5c8b66c0
0x00007fff5c8b66e8:   00007fff5c8b66e0 00007ff68a40ac20
0x00007fff5c8b66f8:   00007ff68a40ad80 00007fff5c8b66c0
0x00007fff5c8b6708:   0000000000000002 9f008712b5676304
0x00007fff5c8b6718:   0000000000000001 00007fff5c8b67f0
0x00007fff5c8b6728:   0000000000000c03 00007ff68a40ad70
0x00007fff5c8b6738:   00007ff68a40ac10 00007fff5c8b7420
0x00007fff5c8b6748:   00007fff8f312188 0000000000000000
0x00007fff5c8b6758:   00007fff5c8b6ec0 00007fff75726ed0
0x00007fff5c8b6768:   0000000000000000 00007ff68a40ac10
0x00007fff5c8b6778:   000000015c8b6f20 00007ff68a601600
0x00007fff5c8b6788:   000000018b0c5000 00007ff68a40ac20
0x00007fff5c8b6798:   00007ff68a40ad80 41bae7d000000001
0x00007fff5c8b67a8:   00002b9f55efc663 00001003264bf380
0x00007fff5c8b67b8:   0000000000000000 00000d03264bf380
0x00007fff5c8b67c8:   00000001264bf380 000000005c8b67f0
0x00007fff5c8b67d8:   0000000000000000 0000000000000000
0x00007fff5c8b67e8:   ffffffffffffffff 00007fff5c8b6820
0x00007fff5c8b67f8:   00000001042f5f8d 00000001264bf380
0x00007fff5c8b6808:   00007ff68b0c5000 00000001264bf380
0x00007fff5c8b6818:   00000000ffffffff 00007fff5c8b6860 

Instructions: (pc=0x00007fff89980064)
0x00007fff89980044:   5f 5d c3 90 90 90 90 90 90 90 90 90 31 c0 48 85
0x00007fff89980054:   ff 74 09 40 f6 c7 01 74 04 48 89 f8 c3 48 8b 07
0x00007fff89980064:   f6 40 20 02 74 05 e9 55 83 01 00 48 8d 05 62 3a
0x00007fff89980074:   ed ea 48 8b 30 e9 42 80 ff ff 90 90 90 90 90 90 

Register to memory mapping:

RAX=0xe00007ff68a6b356 is an unknown value
RBX=0x00007ff68a6acff0 is an unknown value
RCX=0x00000000ffffffff is an unknown value
RDX=0x0000000000000050 is an unknown value
RSP=0x00007fff5c8b6628 is pointing into the stack for thread: 0x00007ff68b0c5000
RBP=0x00007fff5c8b6640 is pointing into the stack for thread: 0x00007ff68b0c5000
RSI=0x00007fff915e5138: -[NSTitlebarContainerView transparent]+0xb501c in /System/Library/Frameworks/AppKit.framework/Versions/C/AppKit at 0x00007fff90b8d000
RDI=0x00007ff68a6f5c90 is an unknown value
R8 =0x0000000000000002 is an unknown value
R9 =0x00007fff756ab300: _thread+0 in /usr/lib/system/libsystem_pthread.dylib at 0x00007fff8f187000
R10=0x00007ff68cd11890 is an unknown value
R11=0x00007fff75d8adf8: OBJC_CLASS_$__NSAutomaticFocusRingState+0 in /System/Library/Frameworks/AppKit.framework/Versions/C/AppKit at 0x00007fff90b8d000
R12=0x0000000000000001 is an unknown value
R13=0x00007fff899780c0: objc_msgSend+0 in /usr/lib/libobjc.A.dylib at 0x00007fff89977000
R14=0x00007fff748545b8: _ZL13PropertyLocks+0x3f8 in /usr/lib/libobjc.A.dylib at 0x00007fff89977000
R15=0x0000000000000000 is an unknown value


Stack: [0x00007fff5c0bb000,0x00007fff5c8bb000],  sp=0x00007fff5c8b6628,  free space=8173k
Native frames: (J=compiled Java code, j=interpreted, Vv=VM code, C=native code)
C  [libobjc.A.dylib+0x9064]  objc_retain+0x14
C  [AppKit+0x14db86]  +[_NSAutomaticFocusRing setActiveFirstResponderChanged]+0xe1
C  [AppKit+0x14da31]  ___NSPostActiveFirstResponderChanged_block_invoke+0x1d
C  [CoreFoundation+0x80127]  __CFRUNLOOP_IS_CALLING_OUT_TO_AN_OBSERVER_CALLBACK_FUNCTION__+0x17
C  [CoreFoundation+0x80080]  __CFRunLoopDoObservers+0x170
C  [CoreFoundation+0x72188]  __CFRunLoopRun+0x368
C  [CoreFoundation+0x71bd8]  CFRunLoopRunSpecific+0x128
C  [HIToolbox+0x3256f]  RunCurrentEventLoopInMode+0xeb
C  [HIToolbox+0x321ee]  ReceiveNextEventCommon+0xb3
C  [HIToolbox+0x3212b]  _BlockUntilNextEventMatchingListInModeWithFilter+0x47
C  [AppKit+0x919bb]  _DPSNextEvent+0x3d2
C  [AppKit+0x90f68]  -[NSApplication nextEventMatchingMask:untilDate:inMode:dequeue:]+0x15a
C  [AppKit+0x86bf3]  -[NSApplication run]+0x252
C  [libglass.dylib+0xbf95]  -[GlassApplication runLoop:]+0x6a5
C  [Foundation+0x92d00]  __NSThreadPerformPerform+0x125
C  [CoreFoundation+0x80a01]  __CFRUNLOOP_IS_CALLING_OUT_TO_A_SOURCE0_PERFORM_FUNCTION__+0x11
C  [CoreFoundation+0x72b8d]  __CFRunLoopDoSources0+0x10d
C  [CoreFoundation+0x721bf]  __CFRunLoopRun+0x39f
C  [CoreFoundation+0x71bd8]  CFRunLoopRunSpecific+0x128
C  [java+0x56cb]  CreateExecutionEnvironment+0x367
C  [java+0x166c]  JLI_Launch+0x7a0
C  [java+0x7689]  main+0x65
C  [java+0xec4]  start+0x34


---------------  P R O C E S S  ---------------

Java Threads: ( => current thread )
  0x00007ff68b8f8800 JavaThread "Prism Font Disposer" daemon [_thread_blocked, id=49951, stack(0x0000000121782000,0x0000000121882000)]
  0x00007ff68b8a8000 JavaThread "Thread-4" daemon [_thread_in_native, id=36619, stack(0x000000011fb71000,0x000000011fbf1000)]
=>0x00007ff68b0c5000 JavaThread "JavaFX Application Thread" [_thread_in_native, id=1299, stack(0x00007fff5c0bb000,0x00007fff5c8bb000)]
  0x00007ff68b862800 JavaThread "Thread-2" daemon [_thread_blocked, id=25107, stack(0x000000011d69c000,0x000000011d79c000)]
  0x00007ff68c0ef000 JavaThread "QuantumRenderer-0" daemon [_thread_blocked, id=20227, stack(0x000000011d07e000,0x000000011d17e000)]
  0x00007ff68b080800 JavaThread "JavaFX-Launcher" [_thread_blocked, id=19715, stack(0x000000011cf7b000,0x000000011d07b000)]
  0x00007ff68b811000 JavaThread "Monitor Ctrl-Break" daemon [_thread_in_native, id=19203, stack(0x000000011cd74000,0x000000011ce74000)]
  0x00007ff68b050800 JavaThread "Service Thread" daemon [_thread_blocked, id=18179, stack(0x000000011ca18000,0x000000011cb18000)]
  0x00007ff68b03c800 JavaThread "C1 CompilerThread2" daemon [_thread_blocked, id=17667, stack(0x000000011c915000,0x000000011ca15000)]
  0x00007ff68b03b800 JavaThread "C2 CompilerThread1" daemon [_thread_blocked, id=17155, stack(0x000000011c812000,0x000000011c912000)]
  0x00007ff68b816800 JavaThread "C2 CompilerThread0" daemon [_thread_in_native, id=16643, stack(0x000000011c70f000,0x000000011c80f000)]
  0x00007ff68a80d800 JavaThread "Signal Dispatcher" daemon [_thread_blocked, id=13843, stack(0x000000011c60c000,0x000000011c70c000)]
  0x00007ff68a806000 JavaThread "Finalizer" daemon [_thread_blocked, id=11523, stack(0x000000011abeb000,0x000000011aceb000)]
  0x00007ff68c040000 JavaThread "Reference Handler" daemon [_thread_blocked, id=11011, stack(0x000000011aae8000,0x000000011abe8000)]
  0x00007ff68c000000 JavaThread "main" [_thread_blocked, id=4867, stack(0x000000010345b000,0x000000010355b000)]

Other Threads:
  0x00007ff68b026000 VMThread [stack: 0x000000011a9e5000,0x000000011aae5000] [id=10499]
  0x00007ff68b015800 WatcherThread [stack: 0x000000011cb1b000,0x000000011cc1b000] [id=18691]

VM state:not at safepoint (normal execution)

VM Mutex/Monitor currently owned by a thread: None

Heap:
 PSYoungGen      total 22016K, used 6396K [0x0000000795580000, 0x0000000797000000, 0x00000007c0000000)
  eden space 18432K, 21% used [0x0000000795580000,0x000000079594f1f0,0x0000000796780000)
  from space 3584K, 69% used [0x0000000796b80000,0x0000000796df0000,0x0000000796f00000)
  to   space 4096K, 0% used [0x0000000796780000,0x0000000796780000,0x0000000796b80000)
 ParOldGen       total 129536K, used 22248K [0x0000000740000000, 0x0000000747e80000, 0x0000000795580000)
  object space 129536K, 17% used [0x0000000740000000,0x00000007415ba2d8,0x0000000747e80000)
 Metaspace       used 16835K, capacity 16990K, committed 17280K, reserved 1064960K
  class space    used 2593K, capacity 2687K, committed 2688K, reserved 1048576K

Card table byte_map: [0x0000000114081000,0x0000000114482000] byte_map_base: 0x0000000110681000

Marking Bits: (ParMarkBitMap*) 0x00000001046670a0
 Begin Bits: [0x0000000114b39000, 0x0000000116b39000)
 End Bits:   [0x0000000116b39000, 0x0000000118b39000)

Polling page: 0x000000010359f000

CodeCache: size=245760Kb used=7658Kb max_used=7669Kb free=238102Kb
 bounds [0x0000000104cc1000, 0x0000000105451000, 0x0000000113cc1000]
 total_blobs=3186 nmethods=2550 adapters=550
 compilation: enabled

Compilation events (10 events):
Event: 8.968 Thread 0x00007ff68b03c800 2541       3       javafx.scene.control.Labeled::getGraphic (22 bytes)
Event: 8.968 Thread 0x00007ff68b03c800 nmethod 2541 0x000000010543b9d0 code [0x000000010543bb60, 0x000000010543bf28]
Event: 8.968 Thread 0x00007ff68b03c800 2544       3       javafx.scene.layout.Region::maxHeight (52 bytes)
Event: 8.969 Thread 0x00007ff68b03c800 nmethod 2544 0x000000010543c050 code [0x000000010543c240, 0x000000010543ca48]
Event: 8.969 Thread 0x00007ff68b03c800 2548       3       javafx.scene.layout.Region::widthChanged (49 bytes)
Event: 8.971 Thread 0x00007ff68b03c800 nmethod 2548 0x000000010543cc90 code [0x000000010543cee0, 0x000000010543ded8]
Event: 8.971 Thread 0x00007ff68b03c800 2551       3       com.sun.javafx.text.PrismTextLayout::copyCache (49 bytes)
Event: 8.971 Thread 0x00007ff68b03c800 nmethod 2551 0x000000010543e4d0 code [0x000000010543e640, 0x000000010543e908]
Event: 8.972 Thread 0x00007ff68b03b800 nmethod 2539 0x0000000105441910 code [0x0000000105441aa0, 0x0000000105441db8]
Event: 8.972 Thread 0x00007ff68b03b800 2538       4       java.util.HashMap::containsKey (18 bytes)

GC Heap History (10 events):
Event: 0.739 GC heap before
{Heap before GC invocations=8 (full 0):
 PSYoungGen      total 5632K, used 4816K [0x0000000795580000, 0x0000000796080000, 0x00000007c0000000)
  eden space 4608K, 82% used [0x0000000795580000,0x00000007959340b0,0x0000000795a00000)
  from space 1024K, 100% used [0x0000000795a00000,0x0000000795b00000,0x0000000795b00000)
  to   space 1536K, 0% used [0x0000000795f00000,0x0000000795f00000,0x0000000796080000)
 ParOldGen       total 129536K, used 1256K [0x0000000740000000, 0x0000000747e80000, 0x0000000795580000)
  object space 129536K, 0% used [0x0000000740000000,0x000000074013a3b8,0x0000000747e80000)
 Metaspace       used 8606K, capacity 8890K, committed 8960K, reserved 1056768K
  class space    used 1197K, capacity 1271K, committed 1280K, reserved 1048576K
Event: 0.742 GC heap after
Heap after GC invocations=8 (full 0):
 PSYoungGen      total 9216K, used 1472K [0x0000000795580000, 0x0000000796280000, 0x00000007c0000000)
  eden space 7680K, 0% used [0x0000000795580000,0x0000000795580000,0x0000000795d00000)
  from space 1536K, 95% used [0x0000000795f00000,0x0000000796070010,0x0000000796080000)
  to   space 2048K, 0% used [0x0000000795d00000,0x0000000795d00000,0x0000000795f00000)
 ParOldGen       total 129536K, used 2472K [0x0000000740000000, 0x0000000747e80000, 0x0000000795580000)
  object space 129536K, 1% used [0x0000000740000000,0x000000074026a3c8,0x0000000747e80000)
 Metaspace       used 8606K, capacity 8890K, committed 8960K, reserved 1056768K
  class space    used 1197K, capacity 1271K, committed 1280K, reserved 1048576K
}
Event: 1.068 GC heap before
{Heap before GC invocations=9 (full 0):
 PSYoungGen      total 9216K, used 9152K [0x0000000795580000, 0x0000000796280000, 0x00000007c0000000)
  eden space 7680K, 100% used [0x0000000795580000,0x0000000795d00000,0x0000000795d00000)
  from space 1536K, 95% used [0x0000000795f00000,0x0000000796070010,0x0000000796080000)
  to   space 2048K, 0% used [0x0000000795d00000,0x0000000795d00000,0x0000000795f00000)
 ParOldGen       total 129536K, used 8547K [0x0000000740000000, 0x0000000747e80000, 0x0000000795580000)
  object space 129536K, 6% used [0x0000000740000000,0x0000000740858fd8,0x0000000747e80000)
 Metaspace       used 11285K, capacity 11466K, committed 11776K, reserved 1058816K
  class space    used 1658K, capacity 1719K, committed 1792K, reserved 1048576K
Event: 1.071 GC heap after
Heap after GC invocations=9 (full 0):
 PSYoungGen      total 9728K, used 2016K [0x0000000795580000, 0x0000000796680000, 0x00000007c0000000)
  eden space 7680K, 0% used [0x0000000795580000,0x0000000795580000,0x0000000795d00000)
  from space 2048K, 98% used [0x0000000795d00000,0x0000000795ef8010,0x0000000795f00000)
  to   space 2560K, 0% used [0x0000000796400000,0x0000000796400000,0x0000000796680000)
 ParOldGen       total 129536K, used 9187K [0x0000000740000000, 0x0000000747e80000, 0x0000000795580000)
  object space 129536K, 7% used [0x0000000740000000,0x00000007408f8fe8,0x0000000747e80000)
 Metaspace       used 11285K, capacity 11466K, committed 11776K, reserved 1058816K
  class space    used 1658K, capacity 1719K, committed 1792K, reserved 1048576K
}
Event: 1.659 GC heap before
{Heap before GC invocations=10 (full 0):
 PSYoungGen      total 9728K, used 9696K [0x0000000795580000, 0x0000000796680000, 0x00000007c0000000)
  eden space 7680K, 100% used [0x0000000795580000,0x0000000795d00000,0x0000000795d00000)
  from space 2048K, 98% used [0x0000000795d00000,0x0000000795ef8010,0x0000000795f00000)
  to   space 2560K, 0% used [0x0000000796400000,0x0000000796400000,0x0000000796680000)
 ParOldGen       total 129536K, used 9187K [0x0000000740000000, 0x0000000747e80000, 0x0000000795580000)
  object space 129536K, 7% used [0x0000000740000000,0x00000007408f8fe8,0x0000000747e80000)
 Metaspace       used 13680K, capacity 13834K, committed 13952K, reserved 1060864K
  class space    used 2113K, capacity 2167K, committed 2176K, reserved 1048576K
Event: 1.668 GC heap after
Heap after GC invocations=10 (full 0):
 PSYoungGen      total 14336K, used 2546K [0x0000000795580000, 0x0000000796780000, 0x00000007c0000000)
  eden space 11776K, 0% used [0x0000000795580000,0x0000000795580000,0x0000000796100000)
  from space 2560K, 99% used [0x0000000796400000,0x000000079667ca90,0x0000000796680000)
  to   space 3072K, 0% used [0x0000000796100000,0x0000000796100000,0x0000000796400000)
 ParOldGen       total 129536K, used 10031K [0x0000000740000000, 0x0000000747e80000, 0x0000000795580000)
  object space 129536K, 7% used [0x0000000740000000,0x00000007409cbff8,0x0000000747e80000)
 Metaspace       used 13680K, capacity 13834K, committed 13952K, reserved 1060864K
  class space    used 2113K, capacity 2167K, committed 2176K, reserved 1048576K
}
Event: 6.587 GC heap before
{Heap before GC invocations=11 (full 0):
 PSYoungGen      total 14336K, used 14320K [0x0000000795580000, 0x0000000796780000, 0x00000007c0000000)
  eden space 11776K, 99% used [0x0000000795580000,0x00000007960ff590,0x0000000796100000)
  from space 2560K, 99% used [0x0000000796400000,0x000000079667ca90,0x0000000796680000)
  to   space 3072K, 0% used [0x0000000796100000,0x0000000796100000,0x0000000796400000)
 ParOldGen       total 129536K, used 10031K [0x0000000740000000, 0x0000000747e80000, 0x0000000795580000)
  object space 129536K, 7% used [0x0000000740000000,0x00000007409cbff8,0x0000000747e80000)
 Metaspace       used 14890K, capacity 15070K, committed 15360K, reserved 1062912K
  class space    used 2267K, capacity 2303K, committed 2304K, reserved 1048576K
Event: 6.593 GC heap after
Heap after GC invocations=11 (full 0):
 PSYoungGen      total 14848K, used 3008K [0x0000000795580000, 0x0000000796f00000, 0x00000007c0000000)
  eden space 11776K, 0% used [0x0000000795580000,0x0000000795580000,0x0000000796100000)
  from space 3072K, 97% used [0x0000000796100000,0x00000007963f0020,0x0000000796400000)
  to   space 3584K, 0% used [0x0000000796b80000,0x0000000796b80000,0x0000000796f00000)
 ParOldGen       total 129536K, used 19361K [0x0000000740000000, 0x0000000747e80000, 0x0000000795580000)
  object space 129536K, 14% used [0x0000000740000000,0x00000007412e87e8,0x0000000747e80000)
 Metaspace       used 14890K, capacity 15070K, committed 15360K, reserved 1062912K
  class space    used 2267K, capacity 2303K, committed 2304K, reserved 1048576K
}
Event: 8.695 GC heap before
{Heap before GC invocations=12 (full 0):
 PSYoungGen      total 14848K, used 14784K [0x0000000795580000, 0x0000000796f00000, 0x00000007c0000000)
  eden space 11776K, 100% used [0x0000000795580000,0x0000000796100000,0x0000000796100000)
  from space 3072K, 97% used [0x0000000796100000,0x00000007963f0020,0x0000000796400000)
  to   space 3584K, 0% used [0x0000000796b80000,0x0000000796b80000,0x0000000796f00000)
 ParOldGen       total 129536K, used 19361K [0x0000000740000000, 0x0000000747e80000, 0x0000000795580000)
  object space 129536K, 14% used [0x0000000740000000,0x00000007412e87e8,0x0000000747e80000)
 Metaspace       used 16801K, capacity 16958K, committed 17280K, reserved 1064960K
  class space    used 2592K, capacity 2655K, committed 2688K, reserved 1048576K
Event: 8.703 GC heap after
Heap after GC invocations=12 (full 0):
 PSYoungGen      total 22016K, used 2496K [0x0000000795580000, 0x0000000797000000, 0x00000007c0000000)
  eden space 18432K, 0% used [0x0000000795580000,0x0000000795580000,0x0000000796780000)
  from space 3584K, 69% used [0x0000000796b80000,0x0000000796df0000,0x0000000796f00000)
  to   space 4096K, 0% used [0x0000000796780000,0x0000000796780000,0x0000000796b80000)
 ParOldGen       total 129536K, used 22248K [0x0000000740000000, 0x0000000747e80000, 0x0000000795580000)
  object space 129536K, 17% used [0x0000000740000000,0x00000007415ba2d8,0x0000000747e80000)
 Metaspace       used 16801K, capacity 16958K, committed 17280K, reserved 1064960K
  class space    used 2592K, capacity 2655K, committed 2688K, reserved 1048576K
}

Deoptimization events (10 events):
Event: 6.875 Thread 0x00007ff68b0c5000 Uncommon trap: reason=unreached action=reinterpret pc=0x0000000105320d84 method=javafx.scene.Parent.setChildDirty(Ljavafx/scene/Node;Z)V @ 51
Event: 6.888 Thread 0x00007ff68b0c5000 Uncommon trap: reason=class_check action=maybe_recompile pc=0x00000001051c3f7c method=javafx.scene.Node.updateLocalToParentTransform()V @ 11
Event: 6.889 Thread 0x00007ff68b0c5000 Uncommon trap: reason=class_check action=maybe_recompile pc=0x00000001051c3f7c method=javafx.scene.Node.updateLocalToParentTransform()V @ 11
Event: 6.889 Thread 0x00007ff68b0c5000 Uncommon trap: reason=class_check action=maybe_recompile pc=0x00000001051c3f7c method=javafx.scene.Node.updateLocalToParentTransform()V @ 11
Event: 8.349 Thread 0x00007ff68b0c5000 Uncommon trap: reason=class_check action=maybe_recompile pc=0x000000010527d648 method=java.util.WeakHashMap.eq(Ljava/lang/Object;Ljava/lang/Object;)Z @ 7
Event: 8.349 Thread 0x00007ff68b0c5000 Uncommon trap: reason=class_check action=maybe_recompile pc=0x00000001051c3f7c method=javafx.scene.Node.updateLocalToParentTransform()V @ 11
Event: 8.961 Thread 0x00007ff68b0c5000 Uncommon trap: reason=array_check action=maybe_recompile pc=0x000000010542176c method=com.sun.javafx.css.CompoundSelector.applies(Ljavafx/css/Styleable;[Ljava/util/Set;I)Z @ 128
Event: 8.961 Thread 0x00007ff68b0c5000 Uncommon trap: reason=array_check action=maybe_recompile pc=0x000000010542176c method=com.sun.javafx.css.CompoundSelector.applies(Ljavafx/css/Styleable;[Ljava/util/Set;I)Z @ 128
Event: 8.961 Thread 0x00007ff68b0c5000 Uncommon trap: reason=array_check action=maybe_recompile pc=0x000000010542176c method=com.sun.javafx.css.CompoundSelector.applies(Ljavafx/css/Styleable;[Ljava/util/Set;I)Z @ 128
Event: 8.961 Thread 0x00007ff68b0c5000 Uncommon trap: reason=array_check action=maybe_recompile pc=0x000000010542176c method=com.sun.javafx.css.CompoundSelector.applies(Ljavafx/css/Styleable;[Ljava/util/Set;I)Z @ 128

Internal exceptions (10 events):
Event: 4.890 Thread 0x00007ff68b0c5000 Exception <a 'java/security/PrivilegedActionException'> (0x0000000795feadd8) thrown at [/HUDSON3/workspace/8-2-build-macosx-x86_64/jdk8u11/648/hotspot/src/share/vm/prims/jvm.cpp, line 1248]
Event: 4.891 Thread 0x00007ff68b0c5000 Exception <a 'java/security/PrivilegedActionException'> (0x0000000795ff20e8) thrown at [/HUDSON3/workspace/8-2-build-macosx-x86_64/jdk8u11/648/hotspot/src/share/vm/prims/jvm.cpp, line 1248]
Event: 4.891 Thread 0x00007ff68b0c5000 Exception <a 'java/security/PrivilegedActionException'> (0x0000000795ff5bb0) thrown at [/HUDSON3/workspace/8-2-build-macosx-x86_64/jdk8u11/648/hotspot/src/share/vm/prims/jvm.cpp, line 1248]
Event: 6.571 Thread 0x00007ff68b0c5000 Exception <a 'java/security/PrivilegedActionException'> (0x0000000796065ce8) thrown at [/HUDSON3/workspace/8-2-build-macosx-x86_64/jdk8u11/648/hotspot/src/share/vm/prims/jvm.cpp, line 1248]
Event: 6.579 Thread 0x00007ff68b0c5000 Exception <a 'java/security/PrivilegedActionException'> (0x0000000796098610) thrown at [/HUDSON3/workspace/8-2-build-macosx-x86_64/jdk8u11/648/hotspot/src/share/vm/prims/jvm.cpp, line 1248]
Event: 6.602 Thread 0x00007ff68b0c5000 Exception <a 'java/security/PrivilegedActionException'> (0x00000007955ecb18) thrown at [/HUDSON3/workspace/8-2-build-macosx-x86_64/jdk8u11/648/hotspot/src/share/vm/prims/jvm.cpp, line 1248]
Event: 6.602 Thread 0x00007ff68b0c5000 Exception <a 'java/security/PrivilegedActionException'> (0x00000007955f2dd8) thrown at [/HUDSON3/workspace/8-2-build-macosx-x86_64/jdk8u11/648/hotspot/src/share/vm/prims/jvm.cpp, line 1248]
Event: 6.603 Thread 0x00007ff68b0c5000 Exception <a 'java/security/PrivilegedActionException'> (0x00000007955f8fd0) thrown at [/HUDSON3/workspace/8-2-build-macosx-x86_64/jdk8u11/648/hotspot/src/share/vm/prims/jvm.cpp, line 1248]
Event: 6.604 Thread 0x00007ff68b0c5000 Exception <a 'java/security/PrivilegedActionException'> (0x0000000795606df8) thrown at [/HUDSON3/workspace/8-2-build-macosx-x86_64/jdk8u11/648/hotspot/src/share/vm/prims/jvm.cpp, line 1248]
Event: 6.604 Thread 0x00007ff68b0c5000 Exception <a 'java/security/PrivilegedActionException'> (0x000000079560d200) thrown at [/HUDSON3/workspace/8-2-build-macosx-x86_64/jdk8u11/648/hotspot/src/share/vm/prims/jvm.cpp, line 1248]

Events (10 events):
Event: 8.961 Thread 0x00007ff68b0c5000 Uncommon trap: trap_request=0xffffffd6 fr.pc=0x000000010542176c
Event: 8.961 Thread 0x00007ff68b0c5000 DEOPT PACKING pc=0x000000010542176c sp=0x00007fff5c8b4940
Event: 8.961 Thread 0x00007ff68b0c5000 DEOPT UNPACKING pc=0x0000000104d08250 sp=0x00007fff5c8b48d0 mode 2
Event: 8.961 Thread 0x00007ff68b0c5000 DEOPT PACKING pc=0x00000001051f0dcc sp=0x00007fff5c8b47b0
Event: 8.961 Thread 0x00007ff68b0c5000 DEOPT UNPACKING pc=0x0000000104d0801a sp=0x00007fff5c8b4548 mode 0
Event: 8.961 Thread 0x00007ff68b0c5000 Uncommon trap: trap_request=0xffffffd6 fr.pc=0x000000010542176c
Event: 8.961 Thread 0x00007ff68b0c5000 DEOPT PACKING pc=0x000000010542176c sp=0x00007fff5c8b4720
Event: 8.961 Thread 0x00007ff68b0c5000 DEOPT UNPACKING pc=0x0000000104d08250 sp=0x00007fff5c8b46b0 mode 2
Event: 8.969 loading class com/sun/javafx/application/PlatformImpl$9
Event: 8.969 loading class com/sun/javafx/application/PlatformImpl$9 done


Dynamic libraries:
0x0000000003e91000 	/System/Library/Frameworks/Cocoa.framework/Versions/A/Cocoa
0x0000000003e91000 	/System/Library/Frameworks/Security.framework/Versions/A/Security
0x0000000003e91000 	/System/Library/Frameworks/ApplicationServices.framework/Versions/A/ApplicationServices
0x0000000003e91000 	/usr/lib/libz.1.dylib
0x0000000003e91000 	/usr/lib/libSystem.B.dylib
0x0000000003e91000 	/usr/lib/libobjc.A.dylib
0x0000000003e91000 	/System/Library/Frameworks/CoreFoundation.framework/Versions/A/CoreFoundation
0x0000000003e91000 	/System/Library/Frameworks/Foundation.framework/Versions/C/Foundation
0x0000000003e91000 	/System/Library/Frameworks/AppKit.framework/Versions/C/AppKit
0x0000000003e91000 	/System/Library/Frameworks/CoreData.framework/Versions/A/CoreData
0x0000000003e91000 	/System/Library/PrivateFrameworks/RemoteViewServices.framework/Versions/A/RemoteViewServices
0x0000000003e91000 	/System/Library/PrivateFrameworks/UIFoundation.framework/Versions/A/UIFoundation
0x0000000003e91000 	/System/Library/Frameworks/IOSurface.framework/Versions/A/IOSurface
0x0000000003e91000 	/System/Library/Frameworks/AudioToolbox.framework/Versions/A/AudioToolbox
0x0000000003e91000 	/System/Library/Frameworks/AudioUnit.framework/Versions/A/AudioUnit
0x0000000003e91000 	/System/Library/PrivateFrameworks/DataDetectorsCore.framework/Versions/A/DataDetectorsCore
0x0000000003e91000 	/System/Library/PrivateFrameworks/DesktopServicesPriv.framework/Versions/A/DesktopServicesPriv
0x0000000003e91000 	/System/Library/Frameworks/Carbon.framework/Versions/A/Frameworks/HIToolbox.framework/Versions/A/HIToolbox
0x0000000003e91000 	/System/Library/Frameworks/QuartzCore.framework/Versions/A/QuartzCore
0x0000000003e91000 	/System/Library/Frameworks/Carbon.framework/Versions/A/Frameworks/SpeechRecognition.framework/Versions/A/SpeechRecognition
0x0000000003e91000 	/usr/lib/libauto.dylib
0x0000000003e91000 	/usr/lib/libicucore.A.dylib
0x0000000003e91000 	/usr/lib/libxml2.2.dylib
0x0000000003e91000 	/System/Library/PrivateFrameworks/CoreUI.framework/Versions/A/CoreUI
0x0000000003e91000 	/System/Library/Frameworks/CoreAudio.framework/Versions/A/CoreAudio
0x0000000003e91000 	/System/Library/Frameworks/DiskArbitration.framework/Versions/A/DiskArbitration
0x0000000003e91000 	/usr/lib/liblangid.dylib
0x0000000003e91000 	/System/Library/PrivateFrameworks/MultitouchSupport.framework/Versions/A/MultitouchSupport
0x0000000003e91000 	/System/Library/Frameworks/IOKit.framework/Versions/A/IOKit
0x0000000003e91000 	/usr/lib/libDiagnosticMessagesClient.dylib
0x0000000003e91000 	/System/Library/Frameworks/CoreServices.framework/Versions/A/CoreServices
0x0000000003e91000 	/System/Library/PrivateFrameworks/PerformanceAnalysis.framework/Versions/A/PerformanceAnalysis
0x0000000003e91000 	/System/Library/PrivateFrameworks/GenerationalStorage.framework/Versions/A/GenerationalStorage
0x0000000003e91000 	/System/Library/Frameworks/OpenGL.framework/Versions/A/OpenGL
0x0000000003e91000 	/System/Library/PrivateFrameworks/Sharing.framework/Versions/A/Sharing
0x0000000003e91000 	/System/Library/Frameworks/CoreGraphics.framework/Versions/A/CoreGraphics
0x0000000003e91000 	/System/Library/Frameworks/CoreText.framework/Versions/A/CoreText
0x0000000003e91000 	/System/Library/Frameworks/ImageIO.framework/Versions/A/ImageIO
0x0000000003e91000 	/usr/lib/libextension.dylib
0x0000000003e91000 	/System/Library/PrivateFrameworks/Backup.framework/Versions/A/Backup
0x0000000003e91000 	/usr/lib/libarchive.2.dylib
0x0000000003e91000 	/System/Library/Frameworks/CFNetwork.framework/Versions/A/CFNetwork
0x0000000003e91000 	/System/Library/Frameworks/SystemConfiguration.framework/Versions/A/SystemConfiguration
0x0000000003e91000 	/usr/lib/libCRFSuite.dylib
0x0000000003e91000 	/usr/lib/libc++.1.dylib
0x0000000003e91000 	/usr/lib/libc++abi.dylib
0x0000000003e91000 	/usr/lib/system/libcache.dylib
0x0000000003e91000 	/usr/lib/system/libcommonCrypto.dylib
0x0000000003e91000 	/usr/lib/system/libcompiler_rt.dylib
0x0000000003e91000 	/usr/lib/system/libcopyfile.dylib
0x0000000003e91000 	/usr/lib/system/libcorecrypto.dylib
0x0000000003e91000 	/usr/lib/system/libdispatch.dylib
0x0000000003e91000 	/usr/lib/system/libdyld.dylib
0x0000000003e91000 	/usr/lib/system/libkeymgr.dylib
0x0000000003e91000 	/usr/lib/system/liblaunch.dylib
0x0000000003e91000 	/usr/lib/system/libmacho.dylib
0x0000000003e91000 	/usr/lib/system/libquarantine.dylib
0x0000000003e91000 	/usr/lib/system/libremovefile.dylib
0x0000000003e91000 	/usr/lib/system/libsystem_asl.dylib
0x0000000003e91000 	/usr/lib/system/libsystem_blocks.dylib
0x0000000003e91000 	/usr/lib/system/libsystem_c.dylib
0x0000000003e91000 	/usr/lib/system/libsystem_configuration.dylib
0x0000000003e91000 	/usr/lib/system/libsystem_coreservices.dylib
0x0000000003e91000 	/usr/lib/system/libsystem_coretls.dylib
0x0000000003e91000 	/usr/lib/system/libsystem_dnssd.dylib
0x0000000003e91000 	/usr/lib/system/libsystem_info.dylib
0x0000000003e91000 	/usr/lib/system/libsystem_kernel.dylib
0x0000000003e91000 	/usr/lib/system/libsystem_m.dylib
0x0000000003e91000 	/usr/lib/system/libsystem_malloc.dylib
0x0000000003e91000 	/usr/lib/system/libsystem_network.dylib
0x0000000003e91000 	/usr/lib/system/libsystem_networkextension.dylib
0x0000000003e91000 	/usr/lib/system/libsystem_notify.dylib
0x0000000003e91000 	/usr/lib/system/libsystem_platform.dylib
0x0000000003e91000 	/usr/lib/system/libsystem_pthread.dylib
0x0000000003e91000 	/usr/lib/system/libsystem_sandbox.dylib
0x0000000003e91000 	/usr/lib/system/libsystem_secinit.dylib
0x0000000003e91000 	/usr/lib/system/libsystem_stats.dylib
0x0000000003e91000 	/usr/lib/system/libsystem_trace.dylib
0x0000000003e91000 	/usr/lib/system/libunc.dylib
0x0000000003e91000 	/usr/lib/system/libunwind.dylib
0x0000000003e91000 	/usr/lib/system/libxpc.dylib
0x0000000003e91000 	/usr/lib/libbz2.1.0.dylib
0x0000000003e91000 	/usr/lib/liblzma.5.dylib
0x0000000003e91000 	/usr/lib/libbsm.0.dylib
0x0000000003e91000 	/usr/lib/libsqlite3.dylib
0x0000000003e91000 	/usr/lib/system/libkxld.dylib
0x0000000003e91000 	/usr/lib/libxar.1.dylib
0x0000000003e91000 	/usr/lib/libpam.2.dylib
0x0000000003e91000 	/usr/lib/libOpenScriptingUtil.dylib
0x0000000003e91000 	/System/Library/Frameworks/CoreServices.framework/Versions/A/Frameworks/FSEvents.framework/Versions/A/FSEvents
0x0000000003e91000 	/System/Library/Frameworks/CoreServices.framework/Versions/A/Frameworks/CarbonCore.framework/Versions/A/CarbonCore
0x0000000003e91000 	/System/Library/Frameworks/CoreServices.framework/Versions/A/Frameworks/Metadata.framework/Versions/A/Metadata
0x0000000003e91000 	/System/Library/Frameworks/CoreServices.framework/Versions/A/Frameworks/OSServices.framework/Versions/A/OSServices
0x0000000003e91000 	/System/Library/Frameworks/CoreServices.framework/Versions/A/Frameworks/SearchKit.framework/Versions/A/SearchKit
0x0000000003e91000 	/System/Library/Frameworks/CoreServices.framework/Versions/A/Frameworks/AE.framework/Versions/A/AE
0x0000000003e91000 	/System/Library/Frameworks/CoreServices.framework/Versions/A/Frameworks/LaunchServices.framework/Versions/A/LaunchServices
0x0000000003e91000 	/System/Library/Frameworks/CoreServices.framework/Versions/A/Frameworks/DictionaryServices.framework/Versions/A/DictionaryServices
0x0000000003e91000 	/System/Library/Frameworks/NetFS.framework/Versions/A/NetFS
0x0000000003e91000 	/System/Library/PrivateFrameworks/NetAuth.framework/Versions/A/NetAuth
0x0000000003e91000 	/System/Library/PrivateFrameworks/login.framework/Versions/A/Frameworks/loginsupport.framework/Versions/A/loginsupport
0x0000000003e91000 	/System/Library/PrivateFrameworks/TCC.framework/Versions/A/TCC
0x0000000003e91000 	/usr/lib/libmecabra.dylib
0x0000000003e91000 	/System/Library/Frameworks/ApplicationServices.framework/Versions/A/Frameworks/ATS.framework/Versions/A/ATS
0x0000000003e91000 	/System/Library/Frameworks/ApplicationServices.framework/Versions/A/Frameworks/ColorSync.framework/Versions/A/ColorSync
0x0000000003e91000 	/System/Library/Frameworks/ApplicationServices.framework/Versions/A/Frameworks/HIServices.framework/Versions/A/HIServices
0x0000000003e91000 	/System/Library/Frameworks/ApplicationServices.framework/Versions/A/Frameworks/LangAnalysis.framework/Versions/A/LangAnalysis
0x0000000003e91000 	/System/Library/Frameworks/ApplicationServices.framework/Versions/A/Frameworks/PrintCore.framework/Versions/A/PrintCore
0x0000000003e91000 	/System/Library/Frameworks/ApplicationServices.framework/Versions/A/Frameworks/QD.framework/Versions/A/QD
0x0000000003e91000 	/System/Library/Frameworks/ApplicationServices.framework/Versions/A/Frameworks/SpeechSynthesis.framework/Versions/A/SpeechSynthesis
0x0000000003e91000 	/System/Library/Frameworks/Accelerate.framework/Versions/A/Accelerate
0x0000000003e91000 	/System/Library/Frameworks/Accelerate.framework/Versions/A/Frameworks/vImage.framework/Versions/A/vImage
0x0000000003e91000 	/System/Library/Frameworks/Accelerate.framework/Versions/A/Frameworks/vecLib.framework/Versions/A/vecLib
0x0000000003e91000 	/System/Library/Frameworks/Accelerate.framework/Versions/A/Frameworks/vecLib.framework/Versions/A/libvDSP.dylib
0x0000000003e91000 	/System/Library/Frameworks/Accelerate.framework/Versions/A/Frameworks/vecLib.framework/Versions/A/libvMisc.dylib
0x0000000003e91000 	/System/Library/Frameworks/Accelerate.framework/Versions/A/Frameworks/vecLib.framework/Versions/A/libLAPACK.dylib
0x0000000003e91000 	/System/Library/Frameworks/Accelerate.framework/Versions/A/Frameworks/vecLib.framework/Versions/A/libBLAS.dylib
0x0000000003e91000 	/System/Library/Frameworks/Accelerate.framework/Versions/A/Frameworks/vecLib.framework/Versions/A/libLinearAlgebra.dylib
0x0000000003e91000 	/System/Library/Frameworks/ApplicationServices.framework/Versions/A/Frameworks/ATS.framework/Versions/A/Resources/libFontParser.dylib
0x0000000003e91000 	/System/Library/Frameworks/ApplicationServices.framework/Versions/A/Frameworks/ATS.framework/Versions/A/Resources/libFontRegistry.dylib
0x0000000003e91000 	/System/Library/PrivateFrameworks/AppleVPA.framework/Versions/A/AppleVPA
0x0000000003e91000 	/System/Library/PrivateFrameworks/AppleJPEG.framework/Versions/A/AppleJPEG
0x0000000003e91000 	/System/Library/Frameworks/ImageIO.framework/Versions/A/Resources/libJPEG.dylib
0x0000000003e91000 	/System/Library/Frameworks/ImageIO.framework/Versions/A/Resources/libTIFF.dylib
0x0000000003e91000 	/System/Library/Frameworks/ImageIO.framework/Versions/A/Resources/libPng.dylib
0x0000000003e91000 	/System/Library/Frameworks/ImageIO.framework/Versions/A/Resources/libGIF.dylib
0x0000000003e91000 	/System/Library/Frameworks/ImageIO.framework/Versions/A/Resources/libJP2.dylib
0x0000000003e91000 	/System/Library/Frameworks/ImageIO.framework/Versions/A/Resources/libRadiance.dylib
0x0000000003e91000 	/System/Library/Frameworks/CoreVideo.framework/Versions/A/CoreVideo
0x0000000003e91000 	/System/Library/Frameworks/OpenGL.framework/Versions/A/Libraries/libGLU.dylib
0x0000000003e91000 	/System/Library/Frameworks/OpenGL.framework/Versions/A/Libraries/libGFXShared.dylib
0x0000000003e91000 	/System/Library/Frameworks/OpenGL.framework/Versions/A/Libraries/libGL.dylib
0x0000000003e91000 	/System/Library/Frameworks/OpenGL.framework/Versions/A/Libraries/libGLImage.dylib
0x0000000003e91000 	/System/Library/Frameworks/OpenGL.framework/Versions/A/Libraries/libCVMSPluginSupport.dylib
0x0000000003e91000 	/System/Library/Frameworks/OpenGL.framework/Versions/A/Libraries/libCoreVMClient.dylib
0x0000000003e91000 	/usr/lib/libcups.2.dylib
0x0000000003e91000 	/System/Library/Frameworks/Kerberos.framework/Versions/A/Kerberos
0x0000000003e91000 	/System/Library/Frameworks/GSS.framework/Versions/A/GSS
0x0000000003e91000 	/usr/lib/libresolv.9.dylib
0x0000000003e91000 	/usr/lib/libiconv.2.dylib
0x0000000003e91000 	/System/Library/PrivateFrameworks/Heimdal.framework/Versions/A/Heimdal
0x0000000003e91000 	/usr/lib/libheimdal-asn1.dylib
0x0000000003e91000 	/System/Library/Frameworks/OpenDirectory.framework/Versions/A/OpenDirectory
0x0000000003e91000 	/System/Library/PrivateFrameworks/CommonAuth.framework/Versions/A/CommonAuth
0x0000000003e91000 	/System/Library/Frameworks/OpenDirectory.framework/Versions/A/Frameworks/CFOpenDirectory.framework/Versions/A/CFOpenDirectory
0x0000000003e91000 	/System/Library/Frameworks/SecurityFoundation.framework/Versions/A/SecurityFoundation
0x0000000003e91000 	/System/Library/PrivateFrameworks/LanguageModeling.framework/Versions/A/LanguageModeling
0x0000000003e91000 	/usr/lib/libcmph.dylib
0x0000000003e91000 	/System/Library/Frameworks/ServiceManagement.framework/Versions/A/ServiceManagement
0x0000000003e91000 	/usr/lib/libxslt.1.dylib
0x0000000003e91000 	/System/Library/Frameworks/Carbon.framework/Versions/A/Frameworks/Ink.framework/Versions/A/Ink
0x0000000003e91000 	/System/Library/Frameworks/QuartzCore.framework/Versions/A/Frameworks/CoreImage.framework/Versions/A/CoreImage
0x0000000003e91000 	/System/Library/PrivateFrameworks/CrashReporterSupport.framework/Versions/A/CrashReporterSupport
0x0000000003e91000 	/System/Library/Frameworks/OpenCL.framework/Versions/A/OpenCL
0x0000000003e91000 	/System/Library/PrivateFrameworks/FaceCore.framework/Versions/A/FaceCore
0x0000000003e91000 	/System/Library/PrivateFrameworks/Ubiquity.framework/Versions/A/Ubiquity
0x0000000003e91000 	/System/Library/PrivateFrameworks/IconServices.framework/Versions/A/IconServices
0x0000000003e91000 	/System/Library/PrivateFrameworks/ChunkingLibrary.framework/Versions/A/ChunkingLibrary
0x0000000003e91000 	/System/Library/PrivateFrameworks/Apple80211.framework/Versions/A/Apple80211
0x0000000003e91000 	/System/Library/Frameworks/CoreWLAN.framework/Versions/A/CoreWLAN
0x0000000003e91000 	/System/Library/Frameworks/IOBluetooth.framework/Versions/A/IOBluetooth
0x0000000003e91000 	/System/Library/PrivateFrameworks/CoreWiFi.framework/Versions/A/CoreWiFi
0x0000000003e91000 	/System/Library/Frameworks/CoreBluetooth.framework/Versions/A/CoreBluetooth
0x0000000003e91000 	/System/Library/PrivateFrameworks/DebugSymbols.framework/Versions/A/DebugSymbols
0x0000000003e91000 	/System/Library/PrivateFrameworks/CoreSymbolication.framework/Versions/A/CoreSymbolication
0x0000000003e91000 	/System/Library/PrivateFrameworks/Symbolication.framework/Versions/A/Symbolication
0x0000000003e91000 	/System/Library/PrivateFrameworks/SpeechRecognitionCore.framework/Versions/A/SpeechRecognitionCore
0x0000000103e00000 	/Library/Java/JavaVirtualMachines/jdk1.8.0_11.jdk/Contents/Home/jre/lib/server/libjvm.dylib
0x0000000003e91000 	/usr/lib/libstdc++.6.dylib
0x000000010355d000 	/Library/Java/JavaVirtualMachines/jdk1.8.0_11.jdk/Contents/Home/jre/lib/libverify.dylib
0x000000010356b000 	/Library/Java/JavaVirtualMachines/jdk1.8.0_11.jdk/Contents/Home/jre/lib/libjava.dylib
0x00000001035a9000 	/Library/Java/JavaVirtualMachines/jdk1.8.0_11.jdk/Contents/Home/jre/lib/libzip.dylib
0x000000011aced000 	/System/Library/Frameworks/JavaVM.framework/Frameworks/JavaRuntimeSupport.framework/JavaRuntimeSupport
0x000000011ad05000 	/System/Library/Frameworks/JavaVM.framework/Versions/A/Frameworks/JavaNativeFoundation.framework/Versions/A/JavaNativeFoundation
0x000000011ad1a000 	/System/Library/Frameworks/JavaVM.framework/Versions/A/JavaVM
0x0000000003e91000 	/System/Library/Frameworks/Carbon.framework/Versions/A/Carbon
0x000000011ad27000 	/System/Library/PrivateFrameworks/JavaLaunching.framework/Versions/A/JavaLaunching
0x0000000003e91000 	/System/Library/Frameworks/Carbon.framework/Versions/A/Frameworks/CommonPanels.framework/Versions/A/CommonPanels
0x0000000003e91000 	/System/Library/Frameworks/Carbon.framework/Versions/A/Frameworks/Help.framework/Versions/A/Help
0x0000000003e91000 	/System/Library/Frameworks/Carbon.framework/Versions/A/Frameworks/ImageCapture.framework/Versions/A/ImageCapture
0x0000000003e91000 	/System/Library/Frameworks/Carbon.framework/Versions/A/Frameworks/OpenScripting.framework/Versions/A/OpenScripting
0x0000000003e91000 	/System/Library/Frameworks/Carbon.framework/Versions/A/Frameworks/Print.framework/Versions/A/Print
0x0000000003e91000 	/System/Library/Frameworks/Carbon.framework/Versions/A/Frameworks/SecurityHI.framework/Versions/A/SecurityHI
0x000000011cd70000 	/Applications/IntelliJ IDEA 14 CE.app/Contents/bin/libbreakgen64.jnilib
0x000000011cf1c000 	/Library/Java/JavaVirtualMachines/jdk1.8.0_11.jdk/Contents/Home/jre/lib/libnet.dylib
0x000000011d180000 	/Library/Java/JavaVirtualMachines/jdk1.8.0_11.jdk/Contents/Home/jre/lib/libprism_es2.dylib
0x0000000003e91000 	/System/Library/Frameworks/OpenGL.framework/Versions/A/Resources/GLEngine.bundle/GLEngine
0x0000000003e91000 	/System/Library/Frameworks/OpenGL.framework/Versions/A/Libraries/libGLProgrammability.dylib
0x0000000000000000 	/System/Library/Extensions/AppleIntelHD5000GraphicsGLDriver.bundle/Contents/MacOS/AppleIntelHD5000GraphicsGLDriver
0x0000000003e91000 	/System/Library/PrivateFrameworks/IOAccelerator.framework/Versions/A/IOAccelerator
0x0000000003e91000 	/System/Library/PrivateFrameworks/GPUSupport.framework/Versions/A/Libraries/libGPUSupportMercury.dylib
0x0000000003e91000 	/System/Library/Frameworks/OpenGL.framework/Versions/A/Resources/GLRendererFloat.bundle/GLRendererFloat
0x0000000003e91000 	/System/Library/Frameworks/OpenCL.framework/Versions/A/Libraries/libcldcpuengine.dylib
0x0000000003e91000 	/System/Library/PrivateFrameworks/DiskImages.framework/Versions/A/DiskImages
0x0000000003e91000 	/System/Library/Frameworks/DiscRecording.framework/Versions/A/DiscRecording
0x0000000003e91000 	/usr/lib/libcsfde.dylib
0x0000000003e91000 	/usr/lib/libcurl.4.dylib
0x0000000003e91000 	/System/Library/PrivateFrameworks/MediaKit.framework/Versions/A/MediaKit
0x0000000003e91000 	/System/Library/PrivateFrameworks/ProtectedCloudStorage.framework/Versions/A/ProtectedCloudStorage
0x0000000003e91000 	/usr/lib/libCoreStorage.dylib
0x0000000003e91000 	/System/Library/PrivateFrameworks/EFILogin.framework/Versions/A/EFILogin
0x0000000003e91000 	/usr/lib/libutil.dylib
0x0000000003e91000 	/System/Library/PrivateFrameworks/FindMyDevice.framework/Versions/A/FindMyDevice
0x0000000003e91000 	/System/Library/Frameworks/LDAP.framework/Versions/A/LDAP
0x0000000003e91000 	/usr/lib/libsasl2.2.dylib
0x0000000003e91000 	/System/Library/PrivateFrameworks/CoreDaemon.framework/Versions/B/CoreDaemon
0x0000000003e91000 	/usr/lib/libcrypto.0.9.8.dylib
0x0000000003e91000 	/System/Library/PrivateFrameworks/AppleSRP.framework/Versions/A/AppleSRP
0x0000000003e91000 	/System/Library/PrivateFrameworks/TrustEvaluationAgent.framework/Versions/A/TrustEvaluationAgent
0x000000011d631000 	/Library/Java/JavaVirtualMachines/jdk1.8.0_11.jdk/Contents/Home/jre/lib/libglass.dylib
0x0000000003e91000 	/System/Library/PrivateFrameworks/CoreServicesInternal.framework/Versions/A/CoreServicesInternal
0x0000000003e91000 	/System/Library/PrivateFrameworks/CloudDocs.framework/Versions/A/CloudDocs
0x0000000003e91000 	/System/Library/PrivateFrameworks/CoreDuet.framework/Versions/A/CoreDuet
0x0000000003e91000 	/System/Library/Frameworks/CloudKit.framework/Versions/A/CloudKit
0x0000000003e91000 	/System/Library/PrivateFrameworks/ProtocolBuffer.framework/Versions/A/ProtocolBuffer
0x0000000003e91000 	/System/Library/PrivateFrameworks/CoreDuetDaemonProtocol.framework/Versions/A/CoreDuetDaemonProtocol
0x0000000003e91000 	/System/Library/PrivateFrameworks/CoreDuetDebugLogging.framework/Versions/A/CoreDuetDebugLogging
0x0000000003e91000 	/System/Library/PrivateFrameworks/MMCS.framework/Versions/A/MMCS
0x0000000003e91000 	/System/Library/Frameworks/CoreLocation.framework/Versions/A/CoreLocation
0x0000000003e91000 	/System/Library/PrivateFrameworks/GeoServices.framework/Versions/A/GeoServices
0x0000000003e91000 	/System/Library/Frameworks/CoreGraphics.framework/Versions/A/Resources/libCGCMS.A.dylib
0x0000000003e91000 	/System/Library/CoreServices/RawCamera.bundle/Contents/MacOS/RawCamera
0x0000000003e91000 	/System/Library/Frameworks/CoreGraphics.framework/Versions/A/Resources/libRIP.A.dylib
0x0000000003e91000 	/System/Library/PrivateFrameworks/FamilyControls.framework/Versions/A/FamilyControls
0x0000000003e91000 	/System/Library/PrivateFrameworks/CommerceKit.framework/Versions/A/Frameworks/CommerceCore.framework/Versions/A/CommerceCore
0x0000000003e91000 	/System/Library/PrivateFrameworks/SystemAdministration.framework/Versions/A/SystemAdministration
0x0000000003e91000 	/System/Library/PrivateFrameworks/AppContainer.framework/Versions/A/AppContainer
0x0000000003e91000 	/System/Library/PrivateFrameworks/SecCodeWrapper.framework/Versions/A/SecCodeWrapper
0x0000000003e91000 	/System/Library/Frameworks/DirectoryService.framework/Versions/A/DirectoryService
0x0000000003e91000 	/System/Library/PrivateFrameworks/LoginUIKit.framework/Versions/A/Frameworks/LoginUICore.framework/Versions/A/LoginUICore
0x0000000003e91000 	/usr/lib/libodfde.dylib
0x0000000121579000 	/Library/Java/JavaVirtualMachines/jdk1.8.0_11.jdk/Contents/Home/jre/lib/libjavafx_font.dylib
0x0000000003e91000 	/System/Library/Frameworks/CoreGraphics.framework/Versions/A/Resources/libCGXType.A.dylib
0x000000012370d000 	cl_kernels
0x000000012370f000 	/System/Library/Frameworks/OpenCL.framework/Versions/A/Libraries/ImageFormats/unorm8_bgra.dylib
0x0000000123839000 	cl_kernels
0x0000000124d0a000 	/Library/Java/JavaVirtualMachines/jdk1.8.0_11.jdk/Contents/Home/jre/lib/libprism_common.dylib
0x0000000125683000 	/Library/Java/JavaVirtualMachines/jdk1.8.0_11.jdk/Contents/Home/jre/lib/libjavafx_iio.dylib

VM Arguments:
jvm_args: -Didea.launcher.port=7535 -Didea.launcher.bin.path=/Applications/IntelliJ IDEA 14 CE.app/Contents/bin -Dfile.encoding=UTF-8 
java_command: com.intellij.rt.execution.application.AppMain Main.Main
java_class_path (initial): /Library/Java/JavaVirtualMachines/jdk1.8.0_11.jdk/Contents/Home/lib/ant-javafx.jar:/Library/Java/JavaVirtualMachines/jdk1.8.0_11.jdk/Contents/Home/lib/dt.jar:/Library/Java/JavaVirtualMachines/jdk1.8.0_11.jdk/Contents/Home/lib/javafx-mx.jar:/Library/Java/JavaVirtualMachines/jdk1.8.0_11.jdk/Contents/Home/lib/jconsole.jar:/Library/Java/JavaVirtualMachines/jdk1.8.0_11.jdk/Contents/Home/lib/sa-jdi.jar:/Library/Java/JavaVirtualMachines/jdk1.8.0_11.jdk/Contents/Home/lib/tools.jar:/Library/Java/JavaVirtualMachines/jdk1.8.0_11.jdk/Contents/Home/jre/lib/charsets.jar:/Library/Java/JavaVirtualMachines/jdk1.8.0_11.jdk/Contents/Home/jre/lib/deploy.jar:/Library/Java/JavaVirtualMachines/jdk1.8.0_11.jdk/Contents/Home/jre/lib/htmlconverter.jar:/Library/Java/JavaVirtualMachines/jdk1.8.0_11.jdk/Contents/Home/jre/lib/javaws.jar:/Library/Java/JavaVirtualMachines/jdk1.8.0_11.jdk/Contents/Home/jre/lib/jce.jar:/Library/Java/JavaVirtualMachines/jdk1.8.0_11.jdk/Contents/Home/jre/lib/jfr.jar:/Library/Java/JavaVirtualMachines/jdk1.8.0_11.jdk/Contents/Home/jre/lib/jfxswt.jar:/Library/Java/JavaVirtualMachines/jdk1.8.0_11.jdk/Contents/Home/jre/lib/jsse.jar:/Library/Java/JavaVirtualMachines/jdk1.8.0_11.jdk/Contents/Home/jre/lib/management-agent.jar:/Library/Java/JavaVirtualMachines/jdk1.8.0_11.jdk/Contents/Home/jre/lib/plugin.jar:/Library/Java/JavaVirtualMachines/jdk1.8.0_11.jdk/Contents/Home/jre/lib/resources.jar:/Library/Java/JavaVirtualMachines/jdk1.8.0_11.jdk/Contents/Home/jre/lib/rt.jar:/Library/Java/JavaVirtualMachines/jdk1.8.0_11.jdk/Contents/Home/jre/lib/ext/cldrdata.jar:/Library/Java/JavaVirtualMachines/jdk1.8.0_11.jdk/Contents/Home/jre/lib/ext/dnsns.jar:/Library/Java/JavaVirtualMachines/jdk1.8.0_11.jdk/Contents/Home/jre/lib/ext/jfxrt.jar:/Library/Java/JavaVirtualMachines/jdk1.8.0_11.jdk/Contents/Home/jre/lib/ext/localedata.jar:/Library/Java/JavaVirtualMachines/jdk1.8.0_11.jdk/Contents/Home/jre/lib/ext/nashorn.jar:/Library/Java/JavaVirtualMachines/jdk1.8.0_11.j
Launcher Type: SUN_STANDARD

Environment Variables:
PATH=/opt/local/bin:/opt/local/sbin:/Library/Frameworks/Python.framework/Versions/3.4/bin:/opt/local/bin:/opt/local/sbin:/usr/local/bin:/usr/bin:/bin:/usr/sbin:/sbin
SHELL=/bin/bash

Signal Handlers:
SIGSEGV: [libjvm.dylib+0x56059b], sa_mask[0]=0xfffefeff, sa_flags=0x00000043
SIGBUS: [libjvm.dylib+0x56059b], sa_mask[0]=0xfffefeff, sa_flags=0x00000042
SIGFPE: [libjvm.dylib+0x4438f2], sa_mask[0]=0xfffefeff, sa_flags=0x00000042
SIGPIPE: [libjvm.dylib+0x4438f2], sa_mask[0]=0xfffefeff, sa_flags=0x00000042
SIGXFSZ: [libjvm.dylib+0x4438f2], sa_mask[0]=0xfffefeff, sa_flags=0x00000042
SIGILL: [libjvm.dylib+0x4438f2], sa_mask[0]=0xfffefeff, sa_flags=0x00000042
SIGUSR1: SIG_DFL, sa_mask[0]=0x00000000, sa_flags=0x00000000
SIGUSR2: [libjvm.dylib+0x443410], sa_mask[0]=0x00000004, sa_flags=0x00000042
SIGHUP: [libjvm.dylib+0x44179b], sa_mask[0]=0xfffefeff, sa_flags=0x00000042
SIGINT: [libjvm.dylib+0x44179b], sa_mask[0]=0xfffefeff, sa_flags=0x00000042
SIGTERM: [libjvm.dylib+0x44179b], sa_mask[0]=0xfffefeff, sa_flags=0x00000042
SIGQUIT: [libjvm.dylib+0x44179b], sa_mask[0]=0xfffefeff, sa_flags=0x00000042


---------------  S Y S T E M  ---------------

OS:Bsduname:Darwin 14.3.0 Darwin Kernel Version 14.3.0: Mon Mar 23 11:59:05 PDT 2015; root:xnu-2782.20.48~5/RELEASE_X86_64 x86_64
rlimit: STACK 8192k, CORE 0k, NPROC 709, NOFILE 10240, AS infinity
load average:4.09 4.01 3.83

CPU:total 4 (2 cores per cpu, 2 threads per core) family 6 model 69 stepping 1, cmov, cx8, fxsr, mmx, sse, sse2, sse3, ssse3, sse4.1, sse4.2, popcnt, avx, avx2, aes, clmul, erms, ht, tsc, tscinvbit

Memory: 4k page, physical 8388608k(1933268k free)

/proc/meminfo:


vm_info: Java HotSpot(TM) 64-Bit Server VM (25.11-b03) for bsd-amd64 JRE (1.8.0_11-b12), built on Jun 16 2014 17:39:42 by "java_re" with gcc 4.2.1 (Based on Apple Inc. build 5658) (LLVM build 2336.11.00)

time: Wed Apr 22 14:49:01 2015
elapsed time: 8 seconds

