#
# A fatal error has been detected by the Java Runtime Environment:
#
#  SIGSEGV (0xb) at pc=0x00007fff89980064, pid=4285, tid=1299
#
# JRE version: Java(TM) SE Runtime Environment (8.0_11-b12) (build 1.8.0_11-b12)
# Java VM: Java HotSpot(TM) 64-Bit Server VM (25.11-b03 mixed mode bsd-amd64 compressed oops)
# Problematic frame:
# C  [libobjc.A.dylib+0x9064]  objc_retain+0x14
#
# Failed to write core dump. Core dumps have been disabled. To enable core dumping, try "ulimit -c unlimited" before starting Java again
#
# If you would like to submit a bug report, please visit:
#   http://bugreport.sun.com/bugreport/crash.jsp
# The crash happened outside the Java Virtual Machine in native code.
# See problematic frame for where to report the bug.
#

---------------  T H R E A D  ---------------

Current thread (0x00007fcba20ca800):  JavaThread "JavaFX Application Thread" [_thread_in_native, id=1299, stack(0x00007fff57085000,0x00007fff57885000)]

siginfo:si_signo=SIGSEGV: si_errno=0, si_code=1 (SEGV_MAPERR), si_addr=0xffffffff00000023

Registers:
RAX=0xffffffff00000003, RBX=0x00007fcba0e92ac0, RCX=0x00000000ffffffff, RDX=0x0000000000000050
RSP=0x00007fff57880628, RBP=0x00007fff57880640, RSI=0x00007fff915e5138, RDI=0x00007fcba0ddf480
R8 =0x0000000000000002, R9 =0x00007fff756ab300, R10=0x00007fcba0ec1a00, R11=0x00007fff75d8adf8
R12=0x0000000000000001, R13=0x00007fff899780c0, R14=0x00007fff74854470, R15=0x0000000000000000
RIP=0x00007fff89980064, EFLAGS=0x0000000000010246, ERR=0x0000000000000004
  TRAPNO=0x000000000000000e

Top of Stack: (sp=0x00007fff57880628)
0x00007fff57880628:   00007fff89981656 0000000000000000
0x00007fff57880638:   00007fcba0e92a70 00007fff57880680
0x00007fff57880648:   00007fff90cdab86 00007fff90cdaa14
0x00007fff57880658:   00007fcba5846aa0 0000000000000001
0x00007fff57880668:   00007fcba0e0f588 00007fcba58193c0
0x00007fff57880678:   00007fff578806c8 00007fff578806a0
0x00007fff57880688:   00007fff90cdaa31 00007fff90cdaa14
0x00007fff57880698:   00007fcba58193b0 00007fff578806b0
0x00007fff578806a8:   00007fff8f320127 00007fff57880740
0x00007fff578806b8:   00007fff8f320080 00007fcba0eee260
0x00007fff578806c8:   00007fcba58193b0 00007fff57880740
0x00007fff578806d8:   00007fff8f31ff66 00007fff578806c0
0x00007fff578806e8:   00007fff578806e0 00007fcba0e0f5a0
0x00007fff578806f8:   00007fcba0e0f700 00007fff578806c0
0x00007fff57880708:   0000000000000002 4a006745c5a48ea3
0x00007fff57880718:   0000000000000001 00007fff578807f0
0x00007fff57880728:   0000000000000c03 00007fcba0e0f6f0
0x00007fff57880738:   00007fcba0e0f590 00007fff57881420
0x00007fff57880748:   00007fff8f312188 0000000000000000
0x00007fff57880758:   00007fff57880ec0 00007fff75726ed0
0x00007fff57880768:   0000000000000000 00007fcba0e0f590
0x00007fff57880778:   0000000157880f20 00007fcba352c5c0
0x00007fff57880788:   00000001a20ca800 00007fcba0e0f5a0
0x00007fff57880798:   00007fcba0e0f700 41bae7d000000001
0x00007fff578807a8:   00002ba7b2c158f6 000010032bbf8600
0x00007fff578807b8:   0000000000000000 00000d032bbf8600
0x00007fff578807c8:   000000012bbf8600 00000000578807f0
0x00007fff578807d8:   0000000000000000 0000000000000000
0x00007fff578807e8:   ffffffffffffffff 00007fff57880820
0x00007fff578807f8:   00000001092f5f8d 000000012bbf8600
0x00007fff57880808:   00007fcba20ca800 000000012bbf8600
0x00007fff57880818:   00000000ffffffff 00007fff57880860 

Instructions: (pc=0x00007fff89980064)
0x00007fff89980044:   5f 5d c3 90 90 90 90 90 90 90 90 90 31 c0 48 85
0x00007fff89980054:   ff 74 09 40 f6 c7 01 74 04 48 89 f8 c3 48 8b 07
0x00007fff89980064:   f6 40 20 02 74 05 e9 55 83 01 00 48 8d 05 62 3a
0x00007fff89980074:   ed ea 48 8b 30 e9 42 80 ff ff 90 90 90 90 90 90 

Register to memory mapping:

RAX=0xffffffff00000003 is an unknown value
RBX=0x00007fcba0e92ac0 is an unknown value
RCX=0x00000000ffffffff is an unknown value
RDX=0x0000000000000050 is an unknown value
RSP=0x00007fff57880628 is pointing into the stack for thread: 0x00007fcba20ca800
RBP=0x00007fff57880640 is pointing into the stack for thread: 0x00007fcba20ca800
RSI=0x00007fff915e5138: -[NSTitlebarContainerView transparent]+0xb501c in /System/Library/Frameworks/AppKit.framework/Versions/C/AppKit at 0x00007fff90b8d000
RDI=0x00007fcba0ddf480 is an unknown value
R8 =0x0000000000000002 is an unknown value
R9 =0x00007fff756ab300: _thread+0 in /usr/lib/system/libsystem_pthread.dylib at 0x00007fff8f187000
R10=0x00007fcba0ec1a00 is an unknown value
R11=0x00007fff75d8adf8: OBJC_CLASS_$__NSAutomaticFocusRingState+0 in /System/Library/Frameworks/AppKit.framework/Versions/C/AppKit at 0x00007fff90b8d000
R12=0x0000000000000001 is an unknown value
R13=0x00007fff899780c0: objc_msgSend+0 in /usr/lib/libobjc.A.dylib at 0x00007fff89977000
R14=0x00007fff74854470: _ZL13PropertyLocks+0x2b0 in /usr/lib/libobjc.A.dylib at 0x00007fff89977000
R15=0x0000000000000000 is an unknown value


Stack: [0x00007fff57085000,0x00007fff57885000],  sp=0x00007fff57880628,  free space=8173k
Native frames: (J=compiled Java code, j=interpreted, Vv=VM code, C=native code)
C  [libobjc.A.dylib+0x9064]  objc_retain+0x14
C  [AppKit+0x14db86]  +[_NSAutomaticFocusRing setActiveFirstResponderChanged]+0xe1
C  [AppKit+0x14da31]  ___NSPostActiveFirstResponderChanged_block_invoke+0x1d
C  [CoreFoundation+0x80127]  __CFRUNLOOP_IS_CALLING_OUT_TO_AN_OBSERVER_CALLBACK_FUNCTION__+0x17
C  [CoreFoundation+0x80080]  __CFRunLoopDoObservers+0x170
C  [CoreFoundation+0x72188]  __CFRunLoopRun+0x368
C  [CoreFoundation+0x71bd8]  CFRunLoopRunSpecific+0x128
C  [HIToolbox+0x3256f]  RunCurrentEventLoopInMode+0xeb
C  [HIToolbox+0x321ee]  ReceiveNextEventCommon+0xb3
C  [HIToolbox+0x3212b]  _BlockUntilNextEventMatchingListInModeWithFilter+0x47
C  [AppKit+0x919bb]  _DPSNextEvent+0x3d2
C  [AppKit+0x90f68]  -[NSApplication nextEventMatchingMask:untilDate:inMode:dequeue:]+0x15a
C  [AppKit+0x86bf3]  -[NSApplication run]+0x252
C  [libglass.dylib+0xbf95]  -[GlassApplication runLoop:]+0x6a5
C  [Foundation+0x92d00]  __NSThreadPerformPerform+0x125
C  [CoreFoundation+0x80a01]  __CFRUNLOOP_IS_CALLING_OUT_TO_A_SOURCE0_PERFORM_FUNCTION__+0x11
C  [CoreFoundation+0x72b8d]  __CFRunLoopDoSources0+0x10d
C  [CoreFoundation+0x721bf]  __CFRunLoopRun+0x39f
C  [CoreFoundation+0x71bd8]  CFRunLoopRunSpecific+0x128
C  [java+0x56cb]  CreateExecutionEnvironment+0x367
C  [java+0x166c]  JLI_Launch+0x7a0
C  [java+0x7689]  main+0x65
C  [java+0xec4]  start+0x34


---------------  P R O C E S S  ---------------

Java Threads: ( => current thread )
  0x00007fcba215a000 JavaThread "Prism Font Disposer" daemon [_thread_blocked, id=49439, stack(0x0000000126735000,0x0000000126835000)]
  0x00007fcba1858800 JavaThread "Thread-4" daemon [_thread_in_native, id=36103, stack(0x0000000124b25000,0x0000000124ba5000)]
=>0x00007fcba20ca800 JavaThread "JavaFX Application Thread" [_thread_in_native, id=1299, stack(0x00007fff57085000,0x00007fff57885000)]
  0x00007fcba20bc800 JavaThread "Thread-2" daemon [_thread_blocked, id=24863, stack(0x00000001226d2000,0x00000001227d2000)]
  0x00007fcba20b1000 JavaThread "QuantumRenderer-0" daemon [_thread_blocked, id=20227, stack(0x00000001220b4000,0x00000001221b4000)]
  0x00007fcba2025000 JavaThread "JavaFX-Launcher" [_thread_blocked, id=19715, stack(0x0000000121fb1000,0x00000001220b1000)]
  0x00007fcba207b000 JavaThread "Monitor Ctrl-Break" daemon [_thread_in_native, id=19203, stack(0x0000000121daa000,0x0000000121eaa000)]
  0x00007fcba2042800 JavaThread "Service Thread" daemon [_thread_blocked, id=18179, stack(0x0000000121a4d000,0x0000000121b4d000)]
  0x00007fcba181b000 JavaThread "C1 CompilerThread2" daemon [_thread_in_vm, id=17667, stack(0x000000012194a000,0x0000000121a4a000)]
  0x00007fcba181a000 JavaThread "C2 CompilerThread1" daemon [_thread_in_native, id=17155, stack(0x0000000121847000,0x0000000121947000)]
  0x00007fcba1818800 JavaThread "C2 CompilerThread0" daemon [_thread_blocked, id=16643, stack(0x0000000121744000,0x0000000121844000)]
  0x00007fcba1818000 JavaThread "Signal Dispatcher" daemon [_thread_blocked, id=13335, stack(0x0000000121641000,0x0000000121741000)]
  0x00007fcba2806800 JavaThread "Finalizer" daemon [_thread_blocked, id=11523, stack(0x000000011fc33000,0x000000011fd33000)]
  0x00007fcba2801000 JavaThread "Reference Handler" daemon [_thread_blocked, id=11011, stack(0x000000011fb30000,0x000000011fc30000)]
  0x00007fcba200b000 JavaThread "main" [_thread_blocked, id=4867, stack(0x0000000108491000,0x0000000108591000)]

Other Threads:
  0x00007fcba104a800 VMThread [stack: 0x000000011fa2d000,0x000000011fb2d000] [id=10499]
  0x00007fcba1814800 WatcherThread [stack: 0x0000000121b50000,0x0000000121c50000] [id=18691]

VM state:not at safepoint (normal execution)

VM Mutex/Monitor currently owned by a thread: None

Heap:
 PSYoungGen      total 22528K, used 2796K [0x0000000795580000, 0x0000000797280000, 0x00000007c0000000)
  eden space 19968K, 1% used [0x0000000795580000,0x00000007955c3388,0x0000000796900000)
  from space 2560K, 98% used [0x0000000796d00000,0x0000000796f78010,0x0000000796f80000)
  to   space 4096K, 0% used [0x0000000796900000,0x0000000796900000,0x0000000796d00000)
 ParOldGen       total 129536K, used 24593K [0x0000000740000000, 0x0000000747e80000, 0x0000000795580000)
  object space 129536K, 18% used [0x0000000740000000,0x00000007418047b8,0x0000000747e80000)
 Metaspace       used 16797K, capacity 16958K, committed 17280K, reserved 1064960K
  class space    used 2592K, capacity 2655K, committed 2688K, reserved 1048576K

Card table byte_map: [0x0000000119081000,0x0000000119482000] byte_map_base: 0x0000000115681000

Marking Bits: (ParMarkBitMap*) 0x00000001096670a0
 Begin Bits: [0x0000000119b39000, 0x000000011bb39000)
 End Bits:   [0x000000011bb39000, 0x000000011db39000)

Polling page: 0x00000001085d5000

CodeCache: size=245760Kb used=7581Kb max_used=7587Kb free=238178Kb
 bounds [0x0000000109cc1000, 0x000000010a431000, 0x0000000118cc1000]
 total_blobs=3157 nmethods=2522 adapters=550
 compilation: enabled

Compilation events (10 events):
Event: 7.991 Thread 0x00007fcba1818800 nmethod 2510 0x000000010a421690 code [0x000000010a4217e0, 0x000000010a4219b8]
Event: 7.991 Thread 0x00007fcba1818800 2513       4       com.sun.javafx.css.CompoundSelector::applies (138 bytes)
Event: 7.992 Thread 0x00007fcba181b000 nmethod 2517 0x000000010a420a10 code [0x000000010a420be0, 0x000000010a421308]
Event: 7.992 Thread 0x00007fcba181b000 2519       3       sun.text.normalizer.UBiDiProps::getClass (12 bytes)
Event: 7.992 Thread 0x00007fcba181b000 nmethod 2519 0x000000010a420550 code [0x000000010a4206c0, 0x000000010a420928]
Event: 7.992 Thread 0x00007fcba181b000 2520       3       sun.text.normalizer.CharTrie::getCodePointValue (58 bytes)
Event: 7.993 Thread 0x00007fcba181b000 nmethod 2520 0x000000010a41fe50 code [0x000000010a41ffe0, 0x000000010a420368]
Event: 7.993 Thread 0x00007fcba181b000 2526   !   3       com.sun.javafx.text.PrismTextLayout::layout (1624 bytes)
Event: 7.998 Thread 0x00007fcba1818800 nmethod 2513 0x000000010a4235d0 code [0x000000010a423760, 0x000000010a423a78]
Event: 7.998 Thread 0x00007fcba1818800 2531       4       com.sun.javafx.collections.ObservableMapWrapper::get (11 bytes)

GC Heap History (10 events):
Event: 0.726 GC heap before
{Heap before GC invocations=8 (full 0):
 PSYoungGen      total 5632K, used 4800K [0x0000000795580000, 0x0000000796080000, 0x00000007c0000000)
  eden space 4608K, 82% used [0x0000000795580000,0x0000000795938200,0x0000000795a00000)
  from space 1024K, 96% used [0x0000000795a00000,0x0000000795af8010,0x0000000795b00000)
  to   space 1536K, 0% used [0x0000000795f00000,0x0000000795f00000,0x0000000796080000)
 ParOldGen       total 129536K, used 1344K [0x0000000740000000, 0x0000000747e80000, 0x0000000795580000)
  object space 129536K, 1% used [0x0000000740000000,0x00000007401503a8,0x0000000747e80000)
 Metaspace       used 8603K, capacity 8858K, committed 8960K, reserved 1056768K
  class space    used 1195K, capacity 1239K, committed 1280K, reserved 1048576K
Event: 0.728 GC heap after
Heap after GC invocations=8 (full 0):
 PSYoungGen      total 9728K, used 1440K [0x0000000795580000, 0x0000000796180000, 0x00000007c0000000)
  eden space 8192K, 0% used [0x0000000795580000,0x0000000795580000,0x0000000795d80000)
  from space 1536K, 93% used [0x0000000795f00000,0x0000000796068020,0x0000000796080000)
  to   space 1536K, 0% used [0x0000000795d80000,0x0000000795d80000,0x0000000795f00000)
 ParOldGen       total 129536K, used 2552K [0x0000000740000000, 0x0000000747e80000, 0x0000000795580000)
  object space 129536K, 1% used [0x0000000740000000,0x000000074027e3b8,0x0000000747e80000)
 Metaspace       used 8603K, capacity 8858K, committed 8960K, reserved 1056768K
  class space    used 1195K, capacity 1239K, committed 1280K, reserved 1048576K
}
Event: 1.295 GC heap before
{Heap before GC invocations=9 (full 0):
 PSYoungGen      total 9728K, used 9632K [0x0000000795580000, 0x0000000796180000, 0x00000007c0000000)
  eden space 8192K, 100% used [0x0000000795580000,0x0000000795d80000,0x0000000795d80000)
  from space 1536K, 93% used [0x0000000795f00000,0x0000000796068020,0x0000000796080000)
  to   space 1536K, 0% used [0x0000000795d80000,0x0000000795d80000,0x0000000795f00000)
 ParOldGen       total 129536K, used 8627K [0x0000000740000000, 0x0000000747e80000, 0x0000000795580000)
  object space 129536K, 6% used [0x0000000740000000,0x000000074086cfc8,0x0000000747e80000)
 Metaspace       used 11357K, capacity 11530K, committed 11776K, reserved 1058816K
  class space    used 1669K, capacity 1719K, committed 1792K, reserved 1048576K
Event: 1.299 GC heap after
Heap after GC invocations=9 (full 0):
 PSYoungGen      total 9728K, used 1536K [0x0000000795580000, 0x0000000796780000, 0x00000007c0000000)
  eden space 8192K, 0% used [0x0000000795580000,0x0000000795580000,0x0000000795d80000)
  from space 1536K, 100% used [0x0000000795d80000,0x0000000795f00000,0x0000000795f00000)
  to   space 2560K, 0% used [0x0000000796500000,0x0000000796500000,0x0000000796780000)
 ParOldGen       total 129536K, used 9968K [0x0000000740000000, 0x0000000747e80000, 0x0000000795580000)
  object space 129536K, 7% used [0x0000000740000000,0x00000007409bc320,0x0000000747e80000)
 Metaspace       used 11357K, capacity 11530K, committed 11776K, reserved 1058816K
  class space    used 1669K, capacity 1719K, committed 1792K, reserved 1048576K
}
Event: 1.684 GC heap before
{Heap before GC invocations=10 (full 0):
 PSYoungGen      total 9728K, used 9334K [0x0000000795580000, 0x0000000796780000, 0x00000007c0000000)
  eden space 8192K, 95% used [0x0000000795580000,0x0000000795d1daf8,0x0000000795d80000)
  from space 1536K, 100% used [0x0000000795d80000,0x0000000795f00000,0x0000000795f00000)
  to   space 2560K, 0% used [0x0000000796500000,0x0000000796500000,0x0000000796780000)
 ParOldGen       total 129536K, used 9968K [0x0000000740000000, 0x0000000747e80000, 0x0000000795580000)
  object space 129536K, 7% used [0x0000000740000000,0x00000007409bc320,0x0000000747e80000)
 Metaspace       used 13866K, capacity 14058K, committed 14336K, reserved 1060864K
  class space    used 2134K, capacity 2199K, committed 2304K, reserved 1048576K
Event: 1.690 GC heap after
Heap after GC invocations=10 (full 0):
 PSYoungGen      total 15872K, used 1872K [0x0000000795580000, 0x0000000796780000, 0x00000007c0000000)
  eden space 13312K, 0% used [0x0000000795580000,0x0000000795580000,0x0000000796280000)
  from space 2560K, 73% used [0x0000000796500000,0x00000007966d4010,0x0000000796780000)
  to   space 2560K, 0% used [0x0000000796280000,0x0000000796280000,0x0000000796500000)
 ParOldGen       total 129536K, used 10836K [0x0000000740000000, 0x0000000747e80000, 0x0000000795580000)
  object space 129536K, 8% used [0x0000000740000000,0x0000000740a95330,0x0000000747e80000)
 Metaspace       used 13866K, capacity 14058K, committed 14336K, reserved 1060864K
  class space    used 2134K, capacity 2199K, committed 2304K, reserved 1048576K
}
Event: 5.860 GC heap before
{Heap before GC invocations=11 (full 0):
 PSYoungGen      total 15872K, used 15184K [0x0000000795580000, 0x0000000796780000, 0x00000007c0000000)
  eden space 13312K, 100% used [0x0000000795580000,0x0000000796280000,0x0000000796280000)
  from space 2560K, 73% used [0x0000000796500000,0x00000007966d4010,0x0000000796780000)
  to   space 2560K, 0% used [0x0000000796280000,0x0000000796280000,0x0000000796500000)
 ParOldGen       total 129536K, used 10836K [0x0000000740000000, 0x0000000747e80000, 0x0000000795580000)
  object space 129536K, 8% used [0x0000000740000000,0x0000000740a95330,0x0000000747e80000)
 Metaspace       used 15571K, capacity 15774K, committed 16128K, reserved 1062912K
  class space    used 2404K, capacity 2495K, committed 2560K, reserved 1048576K
Event: 5.868 GC heap after
Heap after GC invocations=11 (full 0):
 PSYoungGen      total 15872K, used 1344K [0x0000000795580000, 0x0000000796f80000, 0x00000007c0000000)
  eden space 13312K, 0% used [0x0000000795580000,0x0000000795580000,0x0000000796280000)
  from space 2560K, 52% used [0x0000000796280000,0x00000007963d0010,0x0000000796500000)
  to   space 2560K, 0% used [0x0000000796d00000,0x0000000796d00000,0x0000000796f80000)
 ParOldGen       total 129536K, used 21371K [0x0000000740000000, 0x0000000747e80000, 0x0000000795580000)
  object space 129536K, 16% used [0x0000000740000000,0x00000007414decc8,0x0000000747e80000)
 Metaspace       used 15571K, capacity 15774K, committed 16128K, reserved 1062912K
  class space    used 2404K, capacity 2495K, committed 2560K, reserved 1048576K
}
Event: 7.983 GC heap before
{Heap before GC invocations=12 (full 0):
 PSYoungGen      total 15872K, used 14656K [0x0000000795580000, 0x0000000796f80000, 0x00000007c0000000)
  eden space 13312K, 100% used [0x0000000795580000,0x0000000796280000,0x0000000796280000)
  from space 2560K, 52% used [0x0000000796280000,0x00000007963d0010,0x0000000796500000)
  to   space 2560K, 0% used [0x0000000796d00000,0x0000000796d00000,0x0000000796f80000)
 ParOldGen       total 129536K, used 21371K [0x0000000740000000, 0x0000000747e80000, 0x0000000795580000)
  object space 129536K, 16% used [0x0000000740000000,0x00000007414decc8,0x0000000747e80000)
 Metaspace       used 16775K, capacity 16958K, committed 17280K, reserved 1064960K
  class space    used 2591K, capacity 2655K, committed 2688K, reserved 1048576K
Event: 7.989 GC heap after
Heap after GC invocations=12 (full 0):
 PSYoungGen      total 22528K, used 2528K [0x0000000795580000, 0x0000000797280000, 0x00000007c0000000)
  eden space 19968K, 0% used [0x0000000795580000,0x0000000795580000,0x0000000796900000)
  from space 2560K, 98% used [0x0000000796d00000,0x0000000796f78010,0x0000000796f80000)
  to   space 4096K, 0% used [0x0000000796900000,0x0000000796900000,0x0000000796d00000)
 ParOldGen       total 129536K, used 24593K [0x0000000740000000, 0x0000000747e80000, 0x0000000795580000)
  object space 129536K, 18% used [0x0000000740000000,0x00000007418047b8,0x0000000747e80000)
 Metaspace       used 16775K, capacity 16958K, committed 17280K, reserved 1064960K
  class space    used 2591K, capacity 2655K, committed 2688K, reserved 1048576K
}

Deoptimization events (10 events):
Event: 6.092 Thread 0x00007fcba20ca800 Uncommon trap: reason=class_check action=maybe_recompile pc=0x000000010a1b87bc method=javafx.scene.Node.updateLocalToParentTransform()V @ 11
Event: 6.092 Thread 0x00007fcba20ca800 Uncommon trap: reason=class_check action=maybe_recompile pc=0x000000010a1b87bc method=javafx.scene.Node.updateLocalToParentTransform()V @ 11
Event: 6.613 Thread 0x00007fcba20ca800 Uncommon trap: reason=class_check action=maybe_recompile pc=0x000000010a20887c method=javafx.scene.CssStyleHelper.lookup(Ljavafx/css/Styleable;Ljavafx/css/CssMetaData;Lcom/sun/javafx/css/StyleMap;Ljava/util/Set;Ljavafx/css/Styleable;Lcom/sun/javafx/css/Ca
Event: 7.244 Thread 0x00007fcba20ca800 Uncommon trap: reason=class_check action=maybe_recompile pc=0x000000010a30d26c method=javafx.scene.Node.isVisible()Z @ 15
Event: 7.256 Thread 0x00007fcba20ca800 Uncommon trap: reason=class_check action=maybe_recompile pc=0x000000010a2a9684 method=java.util.WeakHashMap.eq(Ljava/lang/Object;Ljava/lang/Object;)Z @ 7
Event: 7.256 Thread 0x00007fcba20ca800 Uncommon trap: reason=class_check action=maybe_recompile pc=0x000000010a1b87bc method=javafx.scene.Node.updateLocalToParentTransform()V @ 11
Event: 7.981 Thread 0x00007fcba20ca800 Uncommon trap: reason=array_check action=maybe_recompile pc=0x000000010a3cdd2c method=com.sun.javafx.css.CompoundSelector.applies(Ljavafx/css/Styleable;[Ljava/util/Set;I)Z @ 128
Event: 7.981 Thread 0x00007fcba20ca800 Uncommon trap: reason=array_check action=maybe_recompile pc=0x000000010a3cdd2c method=com.sun.javafx.css.CompoundSelector.applies(Ljavafx/css/Styleable;[Ljava/util/Set;I)Z @ 128
Event: 7.981 Thread 0x00007fcba20ca800 Uncommon trap: reason=array_check action=maybe_recompile pc=0x000000010a3cdd2c method=com.sun.javafx.css.CompoundSelector.applies(Ljavafx/css/Styleable;[Ljava/util/Set;I)Z @ 128
Event: 7.981 Thread 0x00007fcba20ca800 Uncommon trap: reason=array_check action=maybe_recompile pc=0x000000010a3cdd2c method=com.sun.javafx.css.CompoundSelector.applies(Ljavafx/css/Styleable;[Ljava/util/Set;I)Z @ 128

Internal exceptions (10 events):
Event: 4.522 Thread 0x00007fcba20ca800 Exception <a 'java/security/PrivilegedActionException'> (0x0000000795f40898) thrown at [/HUDSON3/workspace/8-2-build-macosx-x86_64/jdk8u11/648/hotspot/src/share/vm/prims/jvm.cpp, line 1248]
Event: 4.522 Thread 0x00007fcba20ca800 Exception <a 'java/security/PrivilegedActionException'> (0x0000000795f47ba8) thrown at [/HUDSON3/workspace/8-2-build-macosx-x86_64/jdk8u11/648/hotspot/src/share/vm/prims/jvm.cpp, line 1248]
Event: 4.522 Thread 0x00007fcba20ca800 Exception <a 'java/security/PrivilegedActionException'> (0x0000000795f4b670) thrown at [/HUDSON3/workspace/8-2-build-macosx-x86_64/jdk8u11/648/hotspot/src/share/vm/prims/jvm.cpp, line 1248]
Event: 5.778 Thread 0x00007fcba20ca800 Exception <a 'java/security/PrivilegedActionException'> (0x0000000795fa3ca8) thrown at [/HUDSON3/workspace/8-2-build-macosx-x86_64/jdk8u11/648/hotspot/src/share/vm/prims/jvm.cpp, line 1248]
Event: 5.786 Thread 0x00007fcba20ca800 Exception <a 'java/security/PrivilegedActionException'> (0x0000000795fd66e8) thrown at [/HUDSON3/workspace/8-2-build-macosx-x86_64/jdk8u11/648/hotspot/src/share/vm/prims/jvm.cpp, line 1248]
Event: 5.806 Thread 0x00007fcba20ca800 Exception <a 'java/security/PrivilegedActionException'> (0x00000007960aa3c0) thrown at [/HUDSON3/workspace/8-2-build-macosx-x86_64/jdk8u11/648/hotspot/src/share/vm/prims/jvm.cpp, line 1248]
Event: 5.806 Thread 0x00007fcba20ca800 Exception <a 'java/security/PrivilegedActionException'> (0x00000007960b0680) thrown at [/HUDSON3/workspace/8-2-build-macosx-x86_64/jdk8u11/648/hotspot/src/share/vm/prims/jvm.cpp, line 1248]
Event: 5.806 Thread 0x00007fcba20ca800 Exception <a 'java/security/PrivilegedActionException'> (0x00000007960b69a0) thrown at [/HUDSON3/workspace/8-2-build-macosx-x86_64/jdk8u11/648/hotspot/src/share/vm/prims/jvm.cpp, line 1248]
Event: 5.808 Thread 0x00007fcba20ca800 Exception <a 'java/security/PrivilegedActionException'> (0x00000007960c47c8) thrown at [/HUDSON3/workspace/8-2-build-macosx-x86_64/jdk8u11/648/hotspot/src/share/vm/prims/jvm.cpp, line 1248]
Event: 5.808 Thread 0x00007fcba20ca800 Exception <a 'java/security/PrivilegedActionException'> (0x00000007960cabb0) thrown at [/HUDSON3/workspace/8-2-build-macosx-x86_64/jdk8u11/648/hotspot/src/share/vm/prims/jvm.cpp, line 1248]

Events (10 events):
Event: 7.992 Executing VM operation: RevokeBias
Event: 7.992 Executing VM operation: RevokeBias done
Event: 7.992 Executing VM operation: RevokeBias
Event: 7.992 Executing VM operation: RevokeBias done
Event: 7.992 Executing VM operation: RevokeBias
Event: 7.992 Executing VM operation: RevokeBias done
Event: 7.993 Executing VM operation: RevokeBias
Event: 7.993 Executing VM operation: RevokeBias done
Event: 7.996 loading class com/sun/javafx/application/PlatformImpl$9
Event: 7.996 loading class com/sun/javafx/application/PlatformImpl$9 done


Dynamic libraries:
0x0000000003e91000 	/System/Library/Frameworks/Cocoa.framework/Versions/A/Cocoa
0x0000000003e91000 	/System/Library/Frameworks/Security.framework/Versions/A/Security
0x0000000003e91000 	/System/Library/Frameworks/ApplicationServices.framework/Versions/A/ApplicationServices
0x0000000003e91000 	/usr/lib/libz.1.dylib
0x0000000003e91000 	/usr/lib/libSystem.B.dylib
0x0000000003e91000 	/usr/lib/libobjc.A.dylib
0x0000000003e91000 	/System/Library/Frameworks/CoreFoundation.framework/Versions/A/CoreFoundation
0x0000000003e91000 	/System/Library/Frameworks/Foundation.framework/Versions/C/Foundation
0x0000000003e91000 	/System/Library/Frameworks/AppKit.framework/Versions/C/AppKit
0x0000000003e91000 	/System/Library/Frameworks/CoreData.framework/Versions/A/CoreData
0x0000000003e91000 	/System/Library/PrivateFrameworks/RemoteViewServices.framework/Versions/A/RemoteViewServices
0x0000000003e91000 	/System/Library/PrivateFrameworks/UIFoundation.framework/Versions/A/UIFoundation
0x0000000003e91000 	/System/Library/Frameworks/IOSurface.framework/Versions/A/IOSurface
0x0000000003e91000 	/System/Library/Frameworks/AudioToolbox.framework/Versions/A/AudioToolbox
0x0000000003e91000 	/System/Library/Frameworks/AudioUnit.framework/Versions/A/AudioUnit
0x0000000003e91000 	/System/Library/PrivateFrameworks/DataDetectorsCore.framework/Versions/A/DataDetectorsCore
0x0000000003e91000 	/System/Library/PrivateFrameworks/DesktopServicesPriv.framework/Versions/A/DesktopServicesPriv
0x0000000003e91000 	/System/Library/Frameworks/Carbon.framework/Versions/A/Frameworks/HIToolbox.framework/Versions/A/HIToolbox
0x0000000003e91000 	/System/Library/Frameworks/QuartzCore.framework/Versions/A/QuartzCore
0x0000000003e91000 	/System/Library/Frameworks/Carbon.framework/Versions/A/Frameworks/SpeechRecognition.framework/Versions/A/SpeechRecognition
0x0000000003e91000 	/usr/lib/libauto.dylib
0x0000000003e91000 	/usr/lib/libicucore.A.dylib
0x0000000003e91000 	/usr/lib/libxml2.2.dylib
0x0000000003e91000 	/System/Library/PrivateFrameworks/CoreUI.framework/Versions/A/CoreUI
0x0000000003e91000 	/System/Library/Frameworks/CoreAudio.framework/Versions/A/CoreAudio
0x0000000003e91000 	/System/Library/Frameworks/DiskArbitration.framework/Versions/A/DiskArbitration
0x0000000003e91000 	/usr/lib/liblangid.dylib
0x0000000003e91000 	/System/Library/PrivateFrameworks/MultitouchSupport.framework/Versions/A/MultitouchSupport
0x0000000003e91000 	/System/Library/Frameworks/IOKit.framework/Versions/A/IOKit
0x0000000003e91000 	/usr/lib/libDiagnosticMessagesClient.dylib
0x0000000003e91000 	/System/Library/Frameworks/CoreServices.framework/Versions/A/CoreServices
0x0000000003e91000 	/System/Library/PrivateFrameworks/PerformanceAnalysis.framework/Versions/A/PerformanceAnalysis
0x0000000003e91000 	/System/Library/PrivateFrameworks/GenerationalStorage.framework/Versions/A/GenerationalStorage
0x0000000003e91000 	/System/Library/Frameworks/OpenGL.framework/Versions/A/OpenGL
0x0000000003e91000 	/System/Library/PrivateFrameworks/Sharing.framework/Versions/A/Sharing
0x0000000003e91000 	/System/Library/Frameworks/CoreGraphics.framework/Versions/A/CoreGraphics
0x0000000003e91000 	/System/Library/Frameworks/CoreText.framework/Versions/A/CoreText
0x0000000003e91000 	/System/Library/Frameworks/ImageIO.framework/Versions/A/ImageIO
0x0000000003e91000 	/usr/lib/libextension.dylib
0x0000000003e91000 	/System/Library/PrivateFrameworks/Backup.framework/Versions/A/Backup
0x0000000003e91000 	/usr/lib/libarchive.2.dylib
0x0000000003e91000 	/System/Library/Frameworks/CFNetwork.framework/Versions/A/CFNetwork
0x0000000003e91000 	/System/Library/Frameworks/SystemConfiguration.framework/Versions/A/SystemConfiguration
0x0000000003e91000 	/usr/lib/libCRFSuite.dylib
0x0000000003e91000 	/usr/lib/libc++.1.dylib
0x0000000003e91000 	/usr/lib/libc++abi.dylib
0x0000000003e91000 	/usr/lib/system/libcache.dylib
0x0000000003e91000 	/usr/lib/system/libcommonCrypto.dylib
0x0000000003e91000 	/usr/lib/system/libcompiler_rt.dylib
0x0000000003e91000 	/usr/lib/system/libcopyfile.dylib
0x0000000003e91000 	/usr/lib/system/libcorecrypto.dylib
0x0000000003e91000 	/usr/lib/system/libdispatch.dylib
0x0000000003e91000 	/usr/lib/system/libdyld.dylib
0x0000000003e91000 	/usr/lib/system/libkeymgr.dylib
0x0000000003e91000 	/usr/lib/system/liblaunch.dylib
0x0000000003e91000 	/usr/lib/system/libmacho.dylib
0x0000000003e91000 	/usr/lib/system/libquarantine.dylib
0x0000000003e91000 	/usr/lib/system/libremovefile.dylib
0x0000000003e91000 	/usr/lib/system/libsystem_asl.dylib
0x0000000003e91000 	/usr/lib/system/libsystem_blocks.dylib
0x0000000003e91000 	/usr/lib/system/libsystem_c.dylib
0x0000000003e91000 	/usr/lib/system/libsystem_configuration.dylib
0x0000000003e91000 	/usr/lib/system/libsystem_coreservices.dylib
0x0000000003e91000 	/usr/lib/system/libsystem_coretls.dylib
0x0000000003e91000 	/usr/lib/system/libsystem_dnssd.dylib
0x0000000003e91000 	/usr/lib/system/libsystem_info.dylib
0x0000000003e91000 	/usr/lib/system/libsystem_kernel.dylib
0x0000000003e91000 	/usr/lib/system/libsystem_m.dylib
0x0000000003e91000 	/usr/lib/system/libsystem_malloc.dylib
0x0000000003e91000 	/usr/lib/system/libsystem_network.dylib
0x0000000003e91000 	/usr/lib/system/libsystem_networkextension.dylib
0x0000000003e91000 	/usr/lib/system/libsystem_notify.dylib
0x0000000003e91000 	/usr/lib/system/libsystem_platform.dylib
0x0000000003e91000 	/usr/lib/system/libsystem_pthread.dylib
0x0000000003e91000 	/usr/lib/system/libsystem_sandbox.dylib
0x0000000003e91000 	/usr/lib/system/libsystem_secinit.dylib
0x0000000003e91000 	/usr/lib/system/libsystem_stats.dylib
0x0000000003e91000 	/usr/lib/system/libsystem_trace.dylib
0x0000000003e91000 	/usr/lib/system/libunc.dylib
0x0000000003e91000 	/usr/lib/system/libunwind.dylib
0x0000000003e91000 	/usr/lib/system/libxpc.dylib
0x0000000003e91000 	/usr/lib/libbz2.1.0.dylib
0x0000000003e91000 	/usr/lib/liblzma.5.dylib
0x0000000003e91000 	/usr/lib/libbsm.0.dylib
0x0000000003e91000 	/usr/lib/libsqlite3.dylib
0x0000000003e91000 	/usr/lib/system/libkxld.dylib
0x0000000003e91000 	/usr/lib/libxar.1.dylib
0x0000000003e91000 	/usr/lib/libpam.2.dylib
0x0000000003e91000 	/usr/lib/libOpenScriptingUtil.dylib
0x0000000003e91000 	/System/Library/Frameworks/CoreServices.framework/Versions/A/Frameworks/FSEvents.framework/Versions/A/FSEvents
0x0000000003e91000 	/System/Library/Frameworks/CoreServices.framework/Versions/A/Frameworks/CarbonCore.framework/Versions/A/CarbonCore
0x0000000003e91000 	/System/Library/Frameworks/CoreServices.framework/Versions/A/Frameworks/Metadata.framework/Versions/A/Metadata
0x0000000003e91000 	/System/Library/Frameworks/CoreServices.framework/Versions/A/Frameworks/OSServices.framework/Versions/A/OSServices
0x0000000003e91000 	/System/Library/Frameworks/CoreServices.framework/Versions/A/Frameworks/SearchKit.framework/Versions/A/SearchKit
0x0000000003e91000 	/System/Library/Frameworks/CoreServices.framework/Versions/A/Frameworks/AE.framework/Versions/A/AE
0x0000000003e91000 	/System/Library/Frameworks/CoreServices.framework/Versions/A/Frameworks/LaunchServices.framework/Versions/A/LaunchServices
0x0000000003e91000 	/System/Library/Frameworks/CoreServices.framework/Versions/A/Frameworks/DictionaryServices.framework/Versions/A/DictionaryServices
0x0000000003e91000 	/System/Library/Frameworks/NetFS.framework/Versions/A/NetFS
0x0000000003e91000 	/System/Library/PrivateFrameworks/NetAuth.framework/Versions/A/NetAuth
0x0000000003e91000 	/System/Library/PrivateFrameworks/login.framework/Versions/A/Frameworks/loginsupport.framework/Versions/A/loginsupport
0x0000000003e91000 	/System/Library/PrivateFrameworks/TCC.framework/Versions/A/TCC
0x0000000003e91000 	/usr/lib/libmecabra.dylib
0x0000000003e91000 	/System/Library/Frameworks/ApplicationServices.framework/Versions/A/Frameworks/ATS.framework/Versions/A/ATS
0x0000000003e91000 	/System/Library/Frameworks/ApplicationServices.framework/Versions/A/Frameworks/ColorSync.framework/Versions/A/ColorSync
0x0000000003e91000 	/System/Library/Frameworks/ApplicationServices.framework/Versions/A/Frameworks/HIServices.framework/Versions/A/HIServices
0x0000000003e91000 	/System/Library/Frameworks/ApplicationServices.framework/Versions/A/Frameworks/LangAnalysis.framework/Versions/A/LangAnalysis
0x0000000003e91000 	/System/Library/Frameworks/ApplicationServices.framework/Versions/A/Frameworks/PrintCore.framework/Versions/A/PrintCore
0x0000000003e91000 	/System/Library/Frameworks/ApplicationServices.framework/Versions/A/Frameworks/QD.framework/Versions/A/QD
0x0000000003e91000 	/System/Library/Frameworks/ApplicationServices.framework/Versions/A/Frameworks/SpeechSynthesis.framework/Versions/A/SpeechSynthesis
0x0000000003e91000 	/System/Library/Frameworks/Accelerate.framework/Versions/A/Accelerate
0x0000000003e91000 	/System/Library/Frameworks/Accelerate.framework/Versions/A/Frameworks/vImage.framework/Versions/A/vImage
0x0000000003e91000 	/System/Library/Frameworks/Accelerate.framework/Versions/A/Frameworks/vecLib.framework/Versions/A/vecLib
0x0000000003e91000 	/System/Library/Frameworks/Accelerate.framework/Versions/A/Frameworks/vecLib.framework/Versions/A/libvDSP.dylib
0x0000000003e91000 	/System/Library/Frameworks/Accelerate.framework/Versions/A/Frameworks/vecLib.framework/Versions/A/libvMisc.dylib
0x0000000003e91000 	/System/Library/Frameworks/Accelerate.framework/Versions/A/Frameworks/vecLib.framework/Versions/A/libLAPACK.dylib
0x0000000003e91000 	/System/Library/Frameworks/Accelerate.framework/Versions/A/Frameworks/vecLib.framework/Versions/A/libBLAS.dylib
0x0000000003e91000 	/System/Library/Frameworks/Accelerate.framework/Versions/A/Frameworks/vecLib.framework/Versions/A/libLinearAlgebra.dylib
0x0000000003e91000 	/System/Library/Frameworks/ApplicationServices.framework/Versions/A/Frameworks/ATS.framework/Versions/A/Resources/libFontParser.dylib
0x0000000003e91000 	/System/Library/Frameworks/ApplicationServices.framework/Versions/A/Frameworks/ATS.framework/Versions/A/Resources/libFontRegistry.dylib
0x0000000003e91000 	/System/Library/PrivateFrameworks/AppleVPA.framework/Versions/A/AppleVPA
0x0000000003e91000 	/System/Library/PrivateFrameworks/AppleJPEG.framework/Versions/A/AppleJPEG
0x0000000003e91000 	/System/Library/Frameworks/ImageIO.framework/Versions/A/Resources/libJPEG.dylib
0x0000000003e91000 	/System/Library/Frameworks/ImageIO.framework/Versions/A/Resources/libTIFF.dylib
0x0000000003e91000 	/System/Library/Frameworks/ImageIO.framework/Versions/A/Resources/libPng.dylib
0x0000000003e91000 	/System/Library/Frameworks/ImageIO.framework/Versions/A/Resources/libGIF.dylib
0x0000000003e91000 	/System/Library/Frameworks/ImageIO.framework/Versions/A/Resources/libJP2.dylib
0x0000000003e91000 	/System/Library/Frameworks/ImageIO.framework/Versions/A/Resources/libRadiance.dylib
0x0000000003e91000 	/System/Library/Frameworks/CoreVideo.framework/Versions/A/CoreVideo
0x0000000003e91000 	/System/Library/Frameworks/OpenGL.framework/Versions/A/Libraries/libGLU.dylib
0x0000000003e91000 	/System/Library/Frameworks/OpenGL.framework/Versions/A/Libraries/libGFXShared.dylib
0x0000000003e91000 	/System/Library/Frameworks/OpenGL.framework/Versions/A/Libraries/libGL.dylib
0x0000000003e91000 	/System/Library/Frameworks/OpenGL.framework/Versions/A/Libraries/libGLImage.dylib
0x0000000003e91000 	/System/Library/Frameworks/OpenGL.framework/Versions/A/Libraries/libCVMSPluginSupport.dylib
0x0000000003e91000 	/System/Library/Frameworks/OpenGL.framework/Versions/A/Libraries/libCoreVMClient.dylib
0x0000000003e91000 	/usr/lib/libcups.2.dylib
0x0000000003e91000 	/System/Library/Frameworks/Kerberos.framework/Versions/A/Kerberos
0x0000000003e91000 	/System/Library/Frameworks/GSS.framework/Versions/A/GSS
0x0000000003e91000 	/usr/lib/libresolv.9.dylib
0x0000000003e91000 	/usr/lib/libiconv.2.dylib
0x0000000003e91000 	/System/Library/PrivateFrameworks/Heimdal.framework/Versions/A/Heimdal
0x0000000003e91000 	/usr/lib/libheimdal-asn1.dylib
0x0000000003e91000 	/System/Library/Frameworks/OpenDirectory.framework/Versions/A/OpenDirectory
0x0000000003e91000 	/System/Library/PrivateFrameworks/CommonAuth.framework/Versions/A/CommonAuth
0x0000000003e91000 	/System/Library/Frameworks/OpenDirectory.framework/Versions/A/Frameworks/CFOpenDirectory.framework/Versions/A/CFOpenDirectory
0x0000000003e91000 	/System/Library/Frameworks/SecurityFoundation.framework/Versions/A/SecurityFoundation
0x0000000003e91000 	/System/Library/PrivateFrameworks/LanguageModeling.framework/Versions/A/LanguageModeling
0x0000000003e91000 	/usr/lib/libcmph.dylib
0x0000000003e91000 	/System/Library/Frameworks/ServiceManagement.framework/Versions/A/ServiceManagement
0x0000000003e91000 	/usr/lib/libxslt.1.dylib
0x0000000003e91000 	/System/Library/Frameworks/Carbon.framework/Versions/A/Frameworks/Ink.framework/Versions/A/Ink
0x0000000003e91000 	/System/Library/Frameworks/QuartzCore.framework/Versions/A/Frameworks/CoreImage.framework/Versions/A/CoreImage
0x0000000003e91000 	/System/Library/PrivateFrameworks/CrashReporterSupport.framework/Versions/A/CrashReporterSupport
0x0000000003e91000 	/System/Library/Frameworks/OpenCL.framework/Versions/A/OpenCL
0x0000000003e91000 	/System/Library/PrivateFrameworks/FaceCore.framework/Versions/A/FaceCore
0x0000000003e91000 	/System/Library/PrivateFrameworks/Ubiquity.framework/Versions/A/Ubiquity
0x0000000003e91000 	/System/Library/PrivateFrameworks/IconServices.framework/Versions/A/IconServices
0x0000000003e91000 	/System/Library/PrivateFrameworks/ChunkingLibrary.framework/Versions/A/ChunkingLibrary
0x0000000003e91000 	/System/Library/PrivateFrameworks/Apple80211.framework/Versions/A/Apple80211
0x0000000003e91000 	/System/Library/Frameworks/CoreWLAN.framework/Versions/A/CoreWLAN
0x0000000003e91000 	/System/Library/Frameworks/IOBluetooth.framework/Versions/A/IOBluetooth
0x0000000003e91000 	/System/Library/PrivateFrameworks/CoreWiFi.framework/Versions/A/CoreWiFi
0x0000000003e91000 	/System/Library/Frameworks/CoreBluetooth.framework/Versions/A/CoreBluetooth
0x0000000003e91000 	/System/Library/PrivateFrameworks/DebugSymbols.framework/Versions/A/DebugSymbols
0x0000000003e91000 	/System/Library/PrivateFrameworks/CoreSymbolication.framework/Versions/A/CoreSymbolication
0x0000000003e91000 	/System/Library/PrivateFrameworks/Symbolication.framework/Versions/A/Symbolication
0x0000000003e91000 	/System/Library/PrivateFrameworks/SpeechRecognitionCore.framework/Versions/A/SpeechRecognitionCore
0x0000000108e00000 	/Library/Java/JavaVirtualMachines/jdk1.8.0_11.jdk/Contents/Home/jre/lib/server/libjvm.dylib
0x0000000003e91000 	/usr/lib/libstdc++.6.dylib
0x0000000108593000 	/Library/Java/JavaVirtualMachines/jdk1.8.0_11.jdk/Contents/Home/jre/lib/libverify.dylib
0x00000001085a1000 	/Library/Java/JavaVirtualMachines/jdk1.8.0_11.jdk/Contents/Home/jre/lib/libjava.dylib
0x00000001085df000 	/Library/Java/JavaVirtualMachines/jdk1.8.0_11.jdk/Contents/Home/jre/lib/libzip.dylib
0x000000011fd35000 	/System/Library/Frameworks/JavaVM.framework/Frameworks/JavaRuntimeSupport.framework/JavaRuntimeSupport
0x00000001085e9000 	/System/Library/Frameworks/JavaVM.framework/Versions/A/Frameworks/JavaNativeFoundation.framework/Versions/A/JavaNativeFoundation
0x000000011fd4d000 	/System/Library/Frameworks/JavaVM.framework/Versions/A/JavaVM
0x0000000003e91000 	/System/Library/Frameworks/Carbon.framework/Versions/A/Carbon
0x000000011fd5a000 	/System/Library/PrivateFrameworks/JavaLaunching.framework/Versions/A/JavaLaunching
0x0000000003e91000 	/System/Library/Frameworks/Carbon.framework/Versions/A/Frameworks/CommonPanels.framework/Versions/A/CommonPanels
0x0000000003e91000 	/System/Library/Frameworks/Carbon.framework/Versions/A/Frameworks/Help.framework/Versions/A/Help
0x0000000003e91000 	/System/Library/Frameworks/Carbon.framework/Versions/A/Frameworks/ImageCapture.framework/Versions/A/ImageCapture
0x0000000003e91000 	/System/Library/Frameworks/Carbon.framework/Versions/A/Frameworks/OpenScripting.framework/Versions/A/OpenScripting
0x0000000003e91000 	/System/Library/Frameworks/Carbon.framework/Versions/A/Frameworks/Print.framework/Versions/A/Print
0x0000000003e91000 	/System/Library/Frameworks/Carbon.framework/Versions/A/Frameworks/SecurityHI.framework/Versions/A/SecurityHI
0x0000000121da6000 	/Applications/IntelliJ IDEA 14 CE.app/Contents/bin/libbreakgen64.jnilib
0x0000000121f52000 	/Library/Java/JavaVirtualMachines/jdk1.8.0_11.jdk/Contents/Home/jre/lib/libnet.dylib
0x00000001221b6000 	/Library/Java/JavaVirtualMachines/jdk1.8.0_11.jdk/Contents/Home/jre/lib/libprism_es2.dylib
0x0000000003e91000 	/System/Library/Frameworks/OpenGL.framework/Versions/A/Resources/GLEngine.bundle/GLEngine
0x0000000003e91000 	/System/Library/Frameworks/OpenGL.framework/Versions/A/Libraries/libGLProgrammability.dylib
0x0000000000000000 	/System/Library/Extensions/AppleIntelHD5000GraphicsGLDriver.bundle/Contents/MacOS/AppleIntelHD5000GraphicsGLDriver
0x0000000003e91000 	/System/Library/PrivateFrameworks/IOAccelerator.framework/Versions/A/IOAccelerator
0x0000000003e91000 	/System/Library/PrivateFrameworks/GPUSupport.framework/Versions/A/Libraries/libGPUSupportMercury.dylib
0x0000000003e91000 	/System/Library/Frameworks/OpenGL.framework/Versions/A/Resources/GLRendererFloat.bundle/GLRendererFloat
0x0000000003e91000 	/System/Library/Frameworks/OpenCL.framework/Versions/A/Libraries/libcldcpuengine.dylib
0x0000000003e91000 	/System/Library/PrivateFrameworks/DiskImages.framework/Versions/A/DiskImages
0x0000000003e91000 	/System/Library/Frameworks/DiscRecording.framework/Versions/A/DiscRecording
0x0000000003e91000 	/usr/lib/libcsfde.dylib
0x0000000003e91000 	/usr/lib/libcurl.4.dylib
0x0000000003e91000 	/System/Library/PrivateFrameworks/MediaKit.framework/Versions/A/MediaKit
0x0000000003e91000 	/System/Library/PrivateFrameworks/ProtectedCloudStorage.framework/Versions/A/ProtectedCloudStorage
0x0000000003e91000 	/usr/lib/libCoreStorage.dylib
0x0000000003e91000 	/System/Library/PrivateFrameworks/EFILogin.framework/Versions/A/EFILogin
0x0000000003e91000 	/usr/lib/libutil.dylib
0x0000000003e91000 	/System/Library/PrivateFrameworks/FindMyDevice.framework/Versions/A/FindMyDevice
0x0000000003e91000 	/System/Library/Frameworks/LDAP.framework/Versions/A/LDAP
0x0000000003e91000 	/usr/lib/libsasl2.2.dylib
0x0000000003e91000 	/System/Library/PrivateFrameworks/CoreDaemon.framework/Versions/B/CoreDaemon
0x0000000003e91000 	/usr/lib/libcrypto.0.9.8.dylib
0x0000000003e91000 	/System/Library/PrivateFrameworks/AppleSRP.framework/Versions/A/AppleSRP
0x0000000003e91000 	/System/Library/PrivateFrameworks/TrustEvaluationAgent.framework/Versions/A/TrustEvaluationAgent
0x0000000122667000 	/Library/Java/JavaVirtualMachines/jdk1.8.0_11.jdk/Contents/Home/jre/lib/libglass.dylib
0x0000000003e91000 	/System/Library/PrivateFrameworks/CoreServicesInternal.framework/Versions/A/CoreServicesInternal
0x0000000003e91000 	/System/Library/PrivateFrameworks/CloudDocs.framework/Versions/A/CloudDocs
0x0000000003e91000 	/System/Library/PrivateFrameworks/CoreDuet.framework/Versions/A/CoreDuet
0x0000000003e91000 	/System/Library/Frameworks/CloudKit.framework/Versions/A/CloudKit
0x0000000003e91000 	/System/Library/PrivateFrameworks/ProtocolBuffer.framework/Versions/A/ProtocolBuffer
0x0000000003e91000 	/System/Library/PrivateFrameworks/CoreDuetDaemonProtocol.framework/Versions/A/CoreDuetDaemonProtocol
0x0000000003e91000 	/System/Library/PrivateFrameworks/CoreDuetDebugLogging.framework/Versions/A/CoreDuetDebugLogging
0x0000000003e91000 	/System/Library/PrivateFrameworks/MMCS.framework/Versions/A/MMCS
0x0000000003e91000 	/System/Library/Frameworks/CoreLocation.framework/Versions/A/CoreLocation
0x0000000003e91000 	/System/Library/PrivateFrameworks/GeoServices.framework/Versions/A/GeoServices
0x0000000003e91000 	/System/Library/Frameworks/CoreGraphics.framework/Versions/A/Resources/libCGCMS.A.dylib
0x0000000003e91000 	/System/Library/CoreServices/RawCamera.bundle/Contents/MacOS/RawCamera
0x0000000003e91000 	/System/Library/Frameworks/CoreGraphics.framework/Versions/A/Resources/libRIP.A.dylib
0x0000000003e91000 	/System/Library/PrivateFrameworks/FamilyControls.framework/Versions/A/FamilyControls
0x0000000003e91000 	/System/Library/PrivateFrameworks/CommerceKit.framework/Versions/A/Frameworks/CommerceCore.framework/Versions/A/CommerceCore
0x0000000003e91000 	/System/Library/PrivateFrameworks/SystemAdministration.framework/Versions/A/SystemAdministration
0x0000000003e91000 	/System/Library/PrivateFrameworks/AppContainer.framework/Versions/A/AppContainer
0x0000000003e91000 	/System/Library/PrivateFrameworks/SecCodeWrapper.framework/Versions/A/SecCodeWrapper
0x0000000003e91000 	/System/Library/Frameworks/DirectoryService.framework/Versions/A/DirectoryService
0x0000000003e91000 	/System/Library/PrivateFrameworks/LoginUIKit.framework/Versions/A/Frameworks/LoginUICore.framework/Versions/A/LoginUICore
0x0000000003e91000 	/usr/lib/libodfde.dylib
0x000000012652c000 	/Library/Java/JavaVirtualMachines/jdk1.8.0_11.jdk/Contents/Home/jre/lib/libjavafx_font.dylib
0x0000000003e91000 	/System/Library/Frameworks/CoreGraphics.framework/Versions/A/Resources/libCGXType.A.dylib
0x000000012848d000 	cl_kernels
0x0000000128683000 	/System/Library/Frameworks/OpenCL.framework/Versions/A/Libraries/ImageFormats/unorm8_bgra.dylib
0x00000001288b3000 	cl_kernels
0x0000000129d09000 	/Library/Java/JavaVirtualMachines/jdk1.8.0_11.jdk/Contents/Home/jre/lib/libprism_common.dylib
0x000000012a86e000 	/Library/Java/JavaVirtualMachines/jdk1.8.0_11.jdk/Contents/Home/jre/lib/libjavafx_iio.dylib

VM Arguments:
jvm_args: -Didea.launcher.port=7536 -Didea.launcher.bin.path=/Applications/IntelliJ IDEA 14 CE.app/Contents/bin -Dfile.encoding=UTF-8 
java_command: com.intellij.rt.execution.application.AppMain Main.Main
java_class_path (initial): /Library/Java/JavaVirtualMachines/jdk1.8.0_11.jdk/Contents/Home/lib/ant-javafx.jar:/Library/Java/JavaVirtualMachines/jdk1.8.0_11.jdk/Contents/Home/lib/dt.jar:/Library/Java/JavaVirtualMachines/jdk1.8.0_11.jdk/Contents/Home/lib/javafx-mx.jar:/Library/Java/JavaVirtualMachines/jdk1.8.0_11.jdk/Contents/Home/lib/jconsole.jar:/Library/Java/JavaVirtualMachines/jdk1.8.0_11.jdk/Contents/Home/lib/sa-jdi.jar:/Library/Java/JavaVirtualMachines/jdk1.8.0_11.jdk/Contents/Home/lib/tools.jar:/Library/Java/JavaVirtualMachines/jdk1.8.0_11.jdk/Contents/Home/jre/lib/charsets.jar:/Library/Java/JavaVirtualMachines/jdk1.8.0_11.jdk/Contents/Home/jre/lib/deploy.jar:/Library/Java/JavaVirtualMachines/jdk1.8.0_11.jdk/Contents/Home/jre/lib/htmlconverter.jar:/Library/Java/JavaVirtualMachines/jdk1.8.0_11.jdk/Contents/Home/jre/lib/javaws.jar:/Library/Java/JavaVirtualMachines/jdk1.8.0_11.jdk/Contents/Home/jre/lib/jce.jar:/Library/Java/JavaVirtualMachines/jdk1.8.0_11.jdk/Contents/Home/jre/lib/jfr.jar:/Library/Java/JavaVirtualMachines/jdk1.8.0_11.jdk/Contents/Home/jre/lib/jfxswt.jar:/Library/Java/JavaVirtualMachines/jdk1.8.0_11.jdk/Contents/Home/jre/lib/jsse.jar:/Library/Java/JavaVirtualMachines/jdk1.8.0_11.jdk/Contents/Home/jre/lib/management-agent.jar:/Library/Java/JavaVirtualMachines/jdk1.8.0_11.jdk/Contents/Home/jre/lib/plugin.jar:/Library/Java/JavaVirtualMachines/jdk1.8.0_11.jdk/Contents/Home/jre/lib/resources.jar:/Library/Java/JavaVirtualMachines/jdk1.8.0_11.jdk/Contents/Home/jre/lib/rt.jar:/Library/Java/JavaVirtualMachines/jdk1.8.0_11.jdk/Contents/Home/jre/lib/ext/cldrdata.jar:/Library/Java/JavaVirtualMachines/jdk1.8.0_11.jdk/Contents/Home/jre/lib/ext/dnsns.jar:/Library/Java/JavaVirtualMachines/jdk1.8.0_11.jdk/Contents/Home/jre/lib/ext/jfxrt.jar:/Library/Java/JavaVirtualMachines/jdk1.8.0_11.jdk/Contents/Home/jre/lib/ext/localedata.jar:/Library/Java/JavaVirtualMachines/jdk1.8.0_11.jdk/Contents/Home/jre/lib/ext/nashorn.jar:/Library/Java/JavaVirtualMachines/jdk1.8.0_11.j
Launcher Type: SUN_STANDARD

Environment Variables:
PATH=/opt/local/bin:/opt/local/sbin:/Library/Frameworks/Python.framework/Versions/3.4/bin:/opt/local/bin:/opt/local/sbin:/usr/local/bin:/usr/bin:/bin:/usr/sbin:/sbin
SHELL=/bin/bash

Signal Handlers:
SIGSEGV: [libjvm.dylib+0x56059b], sa_mask[0]=0xfffefeff, sa_flags=0x00000043
SIGBUS: [libjvm.dylib+0x56059b], sa_mask[0]=0xfffefeff, sa_flags=0x00000042
SIGFPE: [libjvm.dylib+0x4438f2], sa_mask[0]=0xfffefeff, sa_flags=0x00000042
SIGPIPE: [libjvm.dylib+0x4438f2], sa_mask[0]=0xfffefeff, sa_flags=0x00000042
SIGXFSZ: [libjvm.dylib+0x4438f2], sa_mask[0]=0xfffefeff, sa_flags=0x00000042
SIGILL: [libjvm.dylib+0x4438f2], sa_mask[0]=0xfffefeff, sa_flags=0x00000042
SIGUSR1: SIG_DFL, sa_mask[0]=0x00000000, sa_flags=0x00000000
SIGUSR2: [libjvm.dylib+0x443410], sa_mask[0]=0x00000004, sa_flags=0x00000042
SIGHUP: [libjvm.dylib+0x44179b], sa_mask[0]=0xfffefeff, sa_flags=0x00000042
SIGINT: [libjvm.dylib+0x44179b], sa_mask[0]=0xfffefeff, sa_flags=0x00000042
SIGTERM: [libjvm.dylib+0x44179b], sa_mask[0]=0xfffefeff, sa_flags=0x00000042
SIGQUIT: [libjvm.dylib+0x44179b], sa_mask[0]=0xfffefeff, sa_flags=0x00000042


---------------  S Y S T E M  ---------------

OS:Bsduname:Darwin 14.3.0 Darwin Kernel Version 14.3.0: Mon Mar 23 11:59:05 PDT 2015; root:xnu-2782.20.48~5/RELEASE_X86_64 x86_64
rlimit: STACK 8192k, CORE 0k, NPROC 709, NOFILE 10240, AS infinity
load average:5.76 4.44 3.99

CPU:total 4 (2 cores per cpu, 2 threads per core) family 6 model 69 stepping 1, cmov, cx8, fxsr, mmx, sse, sse2, sse3, ssse3, sse4.1, sse4.2, popcnt, avx, avx2, aes, clmul, erms, ht, tsc, tscinvbit

Memory: 4k page, physical 8388608k(2811256k free)

/proc/meminfo:


vm_info: Java HotSpot(TM) 64-Bit Server VM (25.11-b03) for bsd-amd64 JRE (1.8.0_11-b12), built on Jun 16 2014 17:39:42 by "java_re" with gcc 4.2.1 (Based on Apple Inc. build 5658) (LLVM build 2336.11.00)

time: Wed Apr 22 14:49:37 2015
elapsed time: 8 seconds

