#
# A fatal error has been detected by the Java Runtime Environment:
#
#  SIGSEGV (0xb) at pc=0x00007fff89980064, pid=5632, tid=1299
#
# JRE version: Java(TM) SE Runtime Environment (8.0_11-b12) (build 1.8.0_11-b12)
# Java VM: Java HotSpot(TM) 64-Bit Server VM (25.11-b03 mixed mode bsd-amd64 compressed oops)
# Problematic frame:
# C  [libobjc.A.dylib+0x9064]  objc_retain+0x14
#
# Failed to write core dump. Core dumps have been disabled. To enable core dumping, try "ulimit -c unlimited" before starting Java again
#
# If you would like to submit a bug report, please visit:
#   http://bugreport.sun.com/bugreport/crash.jsp
# The crash happened outside the Java Virtual Machine in native code.
# See problematic frame for where to report the bug.
#

---------------  T H R E A D  ---------------

Current thread (0x00007f873a10b000):  JavaThread "JavaFX Application Thread" [_thread_in_native, id=1299, stack(0x00007fff5797a000,0x00007fff5817a000)]

siginfo:si_signo=SIGSEGV: si_errno=0, si_code=0 (SEGV0), si_addr=0x0000000000000000

Registers:
RAX=0x4000000000000000, RBX=0x00007f8738d48620, RCX=0x00000000ffffffff, RDX=0x0000000000000050
RSP=0x00007fff58175618, RBP=0x00007fff58175630, RSI=0x00007fff915e5138, RDI=0x00007f873b627ed0
R8 =0x000000000000007f, R9 =0x00007f8738dbaf50, R10=0x00007f873b34c750, R11=0x00007fff75d8adf8
R12=0x0000000000000003, R13=0x00007fff899780c0, R14=0x00007fff74854348, R15=0x00007f8738fb1d10
RIP=0x00007fff89980064, EFLAGS=0x0000000000010246, ERR=0x0000000000000000
  TRAPNO=0x000000000000000d

Top of Stack: (sp=0x00007fff58175618)
0x00007fff58175618:   00007fff89981656 00007f8738cbed10
0x00007fff58175628:   00007f8738d485d0 00007fff58175670
0x00007fff58175638:   00007fff90cdab86 00007fff90cdaa14
0x00007fff58175648:   00007f873b30bbc0 0000000000000003
0x00007fff58175658:   00007f8738e00188 00007f873b372550
0x00007fff58175668:   00007fff581756b8 00007fff58175690
0x00007fff58175678:   00007fff90cdaa31 00007fff90cdaa14
0x00007fff58175688:   00007f873b372540 00007fff581756a0
0x00007fff58175698:   00007fff8f320127 00007fff58175740
0x00007fff581756a8:   00007fff8f320080 00007f8738dbae50
0x00007fff581756b8:   00007f873b372540 00007f873d816510
0x00007fff581756c8:   00007f873b361e10 00007fff58175740
0x00007fff581756d8:   00007fff8f31ff66 00007fff581756b0
0x00007fff581756e8:   00007fff581756e0 00007f8738e00150
0x00007fff581756f8:   00007f8738e002c0 00007fff581756b0
0x00007fff58175708:   0000000000000002 13001da2343bbc91
0x00007fff58175718:   0000000000000001 00007fff581757f0
0x00007fff58175728:   0000000000000c03 00007f8738e002b0
0x00007fff58175738:   00007f8738e00140 00007fff58176420
0x00007fff58175748:   00007fff8f312188 0000000000000000
0x00007fff58175758:   00000007c0156bc8 00007fff75726ed0
0x00007fff58175768:   0000000000000000 00007f8738e00140
0x00007fff58175778:   0000000158175ee0 00007f8738d468d0
0x00007fff58175788:   0000000109c13650 00007f8738e00150
0x00007fff58175798:   00007f8738e002c0 00007fffffffff01
0x00007fff581757a8:   00002fddd6da4ea8 0000100338f35b80
0x00007fff581757b8:   0000000000000000 00000d0300000c90
0x00007fff581757c8:   0000000000000000 0000000000000000
0x00007fff581757d8:   0000000000000000 0000000000000000
0x00007fff581757e8:   ffffffffffffffff 0000001800001100
0x00007fff581757f8:   0000be0300000000 0000000000000000
0x00007fff58175808:   0000004400000000 000001f500000243 

Instructions: (pc=0x00007fff89980064)
0x00007fff89980044:   5f 5d c3 90 90 90 90 90 90 90 90 90 31 c0 48 85
0x00007fff89980054:   ff 74 09 40 f6 c7 01 74 04 48 89 f8 c3 48 8b 07
0x00007fff89980064:   f6 40 20 02 74 05 e9 55 83 01 00 48 8d 05 62 3a
0x00007fff89980074:   ed ea 48 8b 30 e9 42 80 ff ff 90 90 90 90 90 90 

Register to memory mapping:

RAX=0x4000000000000000 is an unknown value
RBX=0x00007f8738d48620 is an unknown value
RCX=0x00000000ffffffff is an unknown value
RDX=0x0000000000000050 is an unknown value
RSP=0x00007fff58175618 is pointing into the stack for thread: 0x00007f873a10b000
RBP=0x00007fff58175630 is pointing into the stack for thread: 0x00007f873a10b000
RSI=0x00007fff915e5138: -[NSTitlebarContainerView transparent]+0xb501c in /System/Library/Frameworks/AppKit.framework/Versions/C/AppKit at 0x00007fff90b8d000
RDI=0x00007f873b627ed0 is an unknown value
R8 =0x000000000000007f is an unknown value
R9 =0x00007f8738dbaf50 is an unknown value
R10=0x00007f873b34c750 is an unknown value
R11=0x00007fff75d8adf8: OBJC_CLASS_$__NSAutomaticFocusRingState+0 in /System/Library/Frameworks/AppKit.framework/Versions/C/AppKit at 0x00007fff90b8d000
R12=0x0000000000000003 is an unknown value
R13=0x00007fff899780c0: objc_msgSend+0 in /usr/lib/libobjc.A.dylib at 0x00007fff89977000
R14=0x00007fff74854348: _ZL13PropertyLocks+0x188 in /usr/lib/libobjc.A.dylib at 0x00007fff89977000
R15=0x00007f8738fb1d10 is an unknown value


Stack: [0x00007fff5797a000,0x00007fff5817a000],  sp=0x00007fff58175618,  free space=8173k
Native frames: (J=compiled Java code, j=interpreted, Vv=VM code, C=native code)
C  [libobjc.A.dylib+0x9064]  objc_retain+0x14
C  [AppKit+0x14db86]  +[_NSAutomaticFocusRing setActiveFirstResponderChanged]+0xe1
C  [AppKit+0x14da31]  ___NSPostActiveFirstResponderChanged_block_invoke+0x1d
C  [CoreFoundation+0x80127]  __CFRUNLOOP_IS_CALLING_OUT_TO_AN_OBSERVER_CALLBACK_FUNCTION__+0x17
C  [CoreFoundation+0x80080]  __CFRunLoopDoObservers+0x170
C  [CoreFoundation+0x72188]  __CFRunLoopRun+0x368
C  [CoreFoundation+0x71bd8]  CFRunLoopRunSpecific+0x128
C  [HIToolbox+0x3256f]  RunCurrentEventLoopInMode+0xeb
C  [HIToolbox+0x321ee]  ReceiveNextEventCommon+0xb3
C  [HIToolbox+0x3212b]  _BlockUntilNextEventMatchingListInModeWithFilter+0x47
C  [AppKit+0x919bb]  _DPSNextEvent+0x3d2
C  [AppKit+0x90f68]  -[NSApplication nextEventMatchingMask:untilDate:inMode:dequeue:]+0x15a
C  [AppKit+0x86bf3]  -[NSApplication run]+0x252
C  [libglass.dylib+0xbf95]  -[GlassApplication runLoop:]+0x6a5
C  [Foundation+0x92d00]  __NSThreadPerformPerform+0x125
C  [CoreFoundation+0x80a01]  __CFRUNLOOP_IS_CALLING_OUT_TO_A_SOURCE0_PERFORM_FUNCTION__+0x11
C  [CoreFoundation+0x72b8d]  __CFRunLoopDoSources0+0x10d
C  [CoreFoundation+0x721bf]  __CFRunLoopRun+0x39f
C  [CoreFoundation+0x71bd8]  CFRunLoopRunSpecific+0x128
C  [java+0x56cb]  CreateExecutionEnvironment+0x367
C  [java+0x166c]  JLI_Launch+0x7a0
C  [java+0x7689]  main+0x65
C  [java+0xec4]  start+0x34


---------------  P R O C E S S  ---------------

Java Threads: ( => current thread )
  0x00007f873a909000 JavaThread "Prism Font Disposer" daemon [_thread_blocked, id=49703, stack(0x0000000125ec3000,0x0000000125fc3000)]
  0x00007f8739161000 JavaThread "Thread-4" daemon [_thread_in_native, id=36615, stack(0x00000001242b1000,0x0000000124331000)]
=>0x00007f873a10b000 JavaThread "JavaFX Application Thread" [_thread_in_native, id=1299, stack(0x00007fff5797a000,0x00007fff5817a000)]
  0x00007f873a100800 JavaThread "Thread-2" daemon [_thread_blocked, id=25107, stack(0x0000000121ddd000,0x0000000121edd000)]
  0x00007f873a04e800 JavaThread "QuantumRenderer-0" daemon [_thread_blocked, id=20227, stack(0x00000001217bf000,0x00000001218bf000)]
  0x00007f873a049000 JavaThread "JavaFX-Launcher" [_thread_blocked, id=19715, stack(0x00000001216bc000,0x00000001217bc000)]
  0x00007f873a046800 JavaThread "Monitor Ctrl-Break" daemon [_thread_in_native, id=19203, stack(0x00000001214b5000,0x00000001215b5000)]
  0x00007f873a80b800 JavaThread "Service Thread" daemon [_thread_blocked, id=18179, stack(0x0000000121159000,0x0000000121259000)]
  0x00007f873903d000 JavaThread "C1 CompilerThread2" daemon [_thread_blocked, id=17667, stack(0x0000000121056000,0x0000000121156000)]
  0x00007f8739823000 JavaThread "C2 CompilerThread1" daemon [_thread_blocked, id=17155, stack(0x0000000120f53000,0x0000000121053000)]
  0x00007f8739036800 JavaThread "C2 CompilerThread0" daemon [_thread_blocked, id=16643, stack(0x0000000120e50000,0x0000000120f50000)]
  0x00007f8739825000 JavaThread "Signal Dispatcher" daemon [_thread_blocked, id=13335, stack(0x0000000120d4d000,0x0000000120e4d000)]
  0x00007f8739027800 JavaThread "Finalizer" daemon [_thread_blocked, id=11523, stack(0x000000011f32a000,0x000000011f42a000)]
  0x00007f8739026800 JavaThread "Reference Handler" daemon [_thread_blocked, id=11011, stack(0x000000011f227000,0x000000011f327000)]
  0x00007f8739800800 JavaThread "main" [_thread_blocked, id=4867, stack(0x0000000108a5d000,0x0000000108b5d000)]

Other Threads:
  0x00007f8739022000 VMThread [stack: 0x000000011f124000,0x000000011f224000] [id=10499]
  0x00007f873980b000 WatcherThread [stack: 0x000000012125c000,0x000000012135c000] [id=18691]

VM state:not at safepoint (normal execution)

VM Mutex/Monitor currently owned by a thread: None

Heap:
 PSYoungGen      total 23552K, used 6529K [0x0000000795580000, 0x0000000797080000, 0x00000007c0000000)
  eden space 20992K, 20% used [0x0000000795580000,0x00000007959c0590,0x0000000796a00000)
  from space 2560K, 85% used [0x0000000796d00000,0x0000000796f20000,0x0000000796f80000)
  to   space 3072K, 0% used [0x0000000796a00000,0x0000000796a00000,0x0000000796d00000)
 ParOldGen       total 129536K, used 22517K [0x0000000740000000, 0x0000000747e80000, 0x0000000795580000)
  object space 129536K, 17% used [0x0000000740000000,0x00000007415fd7c8,0x0000000747e80000)
 Metaspace       used 17196K, capacity 17444K, committed 17920K, reserved 1064960K
  class space    used 2605K, capacity 2690K, committed 2816K, reserved 1048576K

Card table byte_map: [0x00000001187c0000,0x0000000118bc1000] byte_map_base: 0x0000000114dc0000

Marking Bits: (ParMarkBitMap*) 0x00000001083eb0a0
 Begin Bits: [0x0000000119278000, 0x000000011b278000)
 End Bits:   [0x000000011b278000, 0x000000011d278000)

Polling page: 0x0000000108ba1000

CodeCache: size=245760Kb used=9170Kb max_used=9182Kb free=236589Kb
 bounds [0x0000000109400000, 0x0000000109d00000, 0x0000000118400000]
 total_blobs=3592 nmethods=2955 adapters=550
 compilation: enabled

Compilation events (10 events):
Event: 21.031 Thread 0x00007f873903d000 nmethod 2948 0x0000000109cf2690 code [0x0000000109cf2940, 0x0000000109cf3c18]
Event: 21.031 Thread 0x00007f873903d000 2952       3       com.sun.javafx.scene.control.skin.LabeledSkinBase::leftLabelPadding (18 bytes)
Event: 21.032 Thread 0x00007f873903d000 nmethod 2952 0x0000000109cf4850 code [0x0000000109cf4a40, 0x0000000109cf5338]
Event: 21.032 Thread 0x00007f873903d000 2950       3       javafx.scene.control.Labeled::getText (20 bytes)
Event: 21.032 Thread 0x00007f873903d000 nmethod 2950 0x0000000109cf5650 code [0x0000000109cf57e0, 0x0000000109cf5ba8]
Event: 21.032 Thread 0x00007f873903d000 2954       3       com.sun.javafx.text.PrismTextLayout::copyCache (49 bytes)
Event: 21.033 Thread 0x00007f873903d000 nmethod 2954 0x0000000109cf5cd0 code [0x0000000109cf5e40, 0x0000000109cf6108]
Event: 21.033 Thread 0x00007f873903d000 2953       3       com.sun.javafx.scene.control.skin.LabeledSkinBase::topLabelPadding (18 bytes)
Event: 21.033 Thread 0x00007f873903d000 nmethod 2953 0x0000000109cf61d0 code [0x0000000109cf63c0, 0x0000000109cf6cb8]
Event: 21.033 Thread 0x00007f873903d000 2956       3       com.sun.javafx.font.LogicalFont::equals (32 bytes)

GC Heap History (10 events):
Event: 0.611 GC heap before
{Heap before GC invocations=8 (full 0):
 PSYoungGen      total 5120K, used 4783K [0x0000000795580000, 0x0000000796080000, 0x00000007c0000000)
  eden space 4096K, 92% used [0x0000000795580000,0x0000000795933f60,0x0000000795980000)
  from space 1024K, 96% used [0x0000000795980000,0x0000000795a78010,0x0000000795a80000)
  to   space 1536K, 0% used [0x0000000795f00000,0x0000000795f00000,0x0000000796080000)
 ParOldGen       total 129536K, used 1328K [0x0000000740000000, 0x0000000747e80000, 0x0000000795580000)
  object space 129536K, 1% used [0x0000000740000000,0x000000074014c3a8,0x0000000747e80000)
 Metaspace       used 8608K, capacity 8890K, committed 8960K, reserved 1056768K
  class space    used 1197K, capacity 1271K, committed 1280K, reserved 1048576K
Event: 0.614 GC heap after
Heap after GC invocations=8 (full 0):
 PSYoungGen      total 9728K, used 1408K [0x0000000795580000, 0x0000000796080000, 0x00000007c0000000)
  eden space 8192K, 0% used [0x0000000795580000,0x0000000795580000,0x0000000795d80000)
  from space 1536K, 91% used [0x0000000795f00000,0x0000000796060020,0x0000000796080000)
  to   space 1536K, 0% used [0x0000000795d80000,0x0000000795d80000,0x0000000795f00000)
 ParOldGen       total 129536K, used 2528K [0x0000000740000000, 0x0000000747e80000, 0x0000000795580000)
  object space 129536K, 1% used [0x0000000740000000,0x00000007402783b8,0x0000000747e80000)
 Metaspace       used 8608K, capacity 8890K, committed 8960K, reserved 1056768K
  class space    used 1197K, capacity 1271K, committed 1280K, reserved 1048576K
}
Event: 1.248 GC heap before
{Heap before GC invocations=9 (full 0):
 PSYoungGen      total 9728K, used 9600K [0x0000000795580000, 0x0000000796080000, 0x00000007c0000000)
  eden space 8192K, 100% used [0x0000000795580000,0x0000000795d80000,0x0000000795d80000)
  from space 1536K, 91% used [0x0000000795f00000,0x0000000796060020,0x0000000796080000)
  to   space 1536K, 0% used [0x0000000795d80000,0x0000000795d80000,0x0000000795f00000)
 ParOldGen       total 129536K, used 8603K [0x0000000740000000, 0x0000000747e80000, 0x0000000795580000)
  object space 129536K, 6% used [0x0000000740000000,0x0000000740866fc8,0x0000000747e80000)
 Metaspace       used 11369K, capacity 11530K, committed 11776K, reserved 1058816K
  class space    used 1676K, capacity 1719K, committed 1792K, reserved 1048576K
Event: 1.251 GC heap after
Heap after GC invocations=9 (full 0):
 PSYoungGen      total 9728K, used 1536K [0x0000000795580000, 0x0000000796780000, 0x00000007c0000000)
  eden space 8192K, 0% used [0x0000000795580000,0x0000000795580000,0x0000000795d80000)
  from space 1536K, 100% used [0x0000000795d80000,0x0000000795f00000,0x0000000795f00000)
  to   space 2560K, 0% used [0x0000000796500000,0x0000000796500000,0x0000000796780000)
 ParOldGen       total 129536K, used 9920K [0x0000000740000000, 0x0000000747e80000, 0x0000000795580000)
  object space 129536K, 7% used [0x0000000740000000,0x00000007409b0330,0x0000000747e80000)
 Metaspace       used 11369K, capacity 11530K, committed 11776K, reserved 1058816K
  class space    used 1676K, capacity 1719K, committed 1792K, reserved 1048576K
}
Event: 1.751 GC heap before
{Heap before GC invocations=10 (full 0):
 PSYoungGen      total 9728K, used 9291K [0x0000000795580000, 0x0000000796780000, 0x00000007c0000000)
  eden space 8192K, 94% used [0x0000000795580000,0x0000000795d12ef0,0x0000000795d80000)
  from space 1536K, 100% used [0x0000000795d80000,0x0000000795f00000,0x0000000795f00000)
  to   space 2560K, 0% used [0x0000000796500000,0x0000000796500000,0x0000000796780000)
 ParOldGen       total 129536K, used 9920K [0x0000000740000000, 0x0000000747e80000, 0x0000000795580000)
  object space 129536K, 7% used [0x0000000740000000,0x00000007409b0330,0x0000000747e80000)
 Metaspace       used 13872K, capacity 14058K, committed 14336K, reserved 1060864K
  class space    used 2139K, capacity 2199K, committed 2304K, reserved 1048576K
Event: 1.757 GC heap after
Heap after GC invocations=10 (full 0):
 PSYoungGen      total 15872K, used 1888K [0x0000000795580000, 0x0000000796780000, 0x00000007c0000000)
  eden space 13312K, 0% used [0x0000000795580000,0x0000000795580000,0x0000000796280000)
  from space 2560K, 73% used [0x0000000796500000,0x00000007966d8000,0x0000000796780000)
  to   space 2560K, 0% used [0x0000000796280000,0x0000000796280000,0x0000000796500000)
 ParOldGen       total 129536K, used 10764K [0x0000000740000000, 0x0000000747e80000, 0x0000000795580000)
  object space 129536K, 8% used [0x0000000740000000,0x0000000740a83340,0x0000000747e80000)
 Metaspace       used 13872K, capacity 14058K, committed 14336K, reserved 1060864K
  class space    used 2139K, capacity 2199K, committed 2304K, reserved 1048576K
}
Event: 5.851 GC heap before
{Heap before GC invocations=11 (full 0):
 PSYoungGen      total 15872K, used 15200K [0x0000000795580000, 0x0000000796780000, 0x00000007c0000000)
  eden space 13312K, 100% used [0x0000000795580000,0x0000000796280000,0x0000000796280000)
  from space 2560K, 73% used [0x0000000796500000,0x00000007966d8000,0x0000000796780000)
  to   space 2560K, 0% used [0x0000000796280000,0x0000000796280000,0x0000000796500000)
 ParOldGen       total 129536K, used 10764K [0x0000000740000000, 0x0000000747e80000, 0x0000000795580000)
  object space 129536K, 8% used [0x0000000740000000,0x0000000740a83340,0x0000000747e80000)
 Metaspace       used 15508K, capacity 15684K, committed 16128K, reserved 1062912K
  class space    used 2398K, capacity 2466K, committed 2560K, reserved 1048576K
Event: 5.859 GC heap after
Heap after GC invocations=11 (full 0):
 PSYoungGen      total 15872K, used 1312K [0x0000000795580000, 0x0000000796f80000, 0x00000007c0000000)
  eden space 13312K, 0% used [0x0000000795580000,0x0000000795580000,0x0000000796280000)
  from space 2560K, 51% used [0x0000000796280000,0x00000007963c8010,0x0000000796500000)
  to   space 2560K, 0% used [0x0000000796d00000,0x0000000796d00000,0x0000000796f80000)
 ParOldGen       total 129536K, used 21367K [0x0000000740000000, 0x0000000747e80000, 0x0000000795580000)
  object space 129536K, 16% used [0x0000000740000000,0x00000007414ddce8,0x0000000747e80000)
 Metaspace       used 15508K, capacity 15684K, committed 16128K, reserved 1062912K
  class space    used 2398K, capacity 2466K, committed 2560K, reserved 1048576K
}
Event: 20.461 GC heap before
{Heap before GC invocations=12 (full 0):
 PSYoungGen      total 15872K, used 14624K [0x0000000795580000, 0x0000000796f80000, 0x00000007c0000000)
  eden space 13312K, 100% used [0x0000000795580000,0x0000000796280000,0x0000000796280000)
  from space 2560K, 51% used [0x0000000796280000,0x00000007963c8010,0x0000000796500000)
  to   space 2560K, 0% used [0x0000000796d00000,0x0000000796d00000,0x0000000796f80000)
 ParOldGen       total 129536K, used 21367K [0x0000000740000000, 0x0000000747e80000, 0x0000000795580000)
  object space 129536K, 16% used [0x0000000740000000,0x00000007414ddce8,0x0000000747e80000)
 Metaspace       used 17170K, capacity 17380K, committed 17664K, reserved 1064960K
  class space    used 2604K, capacity 2690K, committed 2816K, reserved 1048576K
Event: 20.467 GC heap after
Heap after GC invocations=12 (full 0):
 PSYoungGen      total 23552K, used 2176K [0x0000000795580000, 0x0000000797080000, 0x00000007c0000000)
  eden space 20992K, 0% used [0x0000000795580000,0x0000000795580000,0x0000000796a00000)
  from space 2560K, 85% used [0x0000000796d00000,0x0000000796f20000,0x0000000796f80000)
  to   space 3072K, 0% used [0x0000000796a00000,0x0000000796a00000,0x0000000796d00000)
 ParOldGen       total 129536K, used 22517K [0x0000000740000000, 0x0000000747e80000, 0x0000000795580000)
  object space 129536K, 17% used [0x0000000740000000,0x00000007415fd7c8,0x0000000747e80000)
 Metaspace       used 17170K, capacity 17380K, committed 17664K, reserved 1064960K
  class space    used 2604K, capacity 2690K, committed 2816K, reserved 1048576K
}

Deoptimization events (10 events):
Event: 18.629 Thread 0x00007f873a10b000 Uncommon trap: reason=class_check action=maybe_recompile pc=0x0000000109c21924 method=javafx.scene.Node$MiscProperties.isMouseTransparent()Z @ 15
Event: 19.022 Thread 0x00007f873a10b000 Uncommon trap: reason=class_check action=maybe_recompile pc=0x0000000109c21924 method=javafx.scene.Node$MiscProperties.isMouseTransparent()Z @ 15
Event: 19.210 Thread 0x00007f873a10b000 Uncommon trap: reason=class_check action=maybe_recompile pc=0x0000000109ca7684 method=javafx.scene.Node$MiscProperties.isDisable()Z @ 15
Event: 19.227 Thread 0x00007f873a10b000 Uncommon trap: reason=class_check action=maybe_recompile pc=0x0000000109ca7684 method=javafx.scene.Node$MiscProperties.isDisable()Z @ 15
Event: 19.245 Thread 0x00007f873a10b000 Uncommon trap: reason=class_check action=maybe_recompile pc=0x0000000109ca7684 method=javafx.scene.Node$MiscProperties.isDisable()Z @ 15
Event: 19.262 Thread 0x00007f873a10b000 Uncommon trap: reason=class_check action=maybe_recompile pc=0x0000000109ca7684 method=javafx.scene.Node$MiscProperties.isDisable()Z @ 15
Event: 20.421 Thread 0x00007f873a10b000 Uncommon trap: reason=unreached action=reinterpret pc=0x0000000109b665bc method=javafx.scene.CssStyleHelper.transitionToState(Ljavafx/scene/Node;Lcom/sun/javafx/scene/CssFlags;)V @ 686
Event: 20.459 Thread 0x00007f873a10b000 Uncommon trap: reason=null_check action=make_not_entrant pc=0x0000000109bb0344 method=javafx.scene.Node$MiscProperties.getEffect()Ljavafx/scene/effect/Effect; @ 20
Event: 20.468 Thread 0x00007f873a10b000 Uncommon trap: reason=class_check action=maybe_recompile pc=0x0000000109bb81bc method=javafx.scene.Node$MiscProperties.getEffect()Ljavafx/scene/effect/Effect; @ 20
Event: 20.468 Thread 0x00007f873a10b000 Uncommon trap: reason=class_check action=maybe_recompile pc=0x0000000109bb81bc method=javafx.scene.Node$MiscProperties.getEffect()Ljavafx/scene/effect/Effect; @ 20

Internal exceptions (10 events):
Event: 4.951 Thread 0x00007f873a10b000 Exception <a 'java/security/PrivilegedActionException'> (0x0000000795f76f88) thrown at [/HUDSON3/workspace/8-2-build-macosx-x86_64/jdk8u11/648/hotspot/src/share/vm/prims/jvm.cpp, line 1248]
Event: 5.777 Thread 0x00007f873a10b000 Exception <a 'java/security/PrivilegedActionException'> (0x0000000795fcade0) thrown at [/HUDSON3/workspace/8-2-build-macosx-x86_64/jdk8u11/648/hotspot/src/share/vm/prims/jvm.cpp, line 1248]
Event: 5.785 Thread 0x00007f873a10b000 Exception <a 'java/security/PrivilegedActionException'> (0x0000000795ffd870) thrown at [/HUDSON3/workspace/8-2-build-macosx-x86_64/jdk8u11/648/hotspot/src/share/vm/prims/jvm.cpp, line 1248]
Event: 5.800 Thread 0x00007f873a10b000 Exception <a 'java/security/PrivilegedActionException'> (0x00000007960d0a58) thrown at [/HUDSON3/workspace/8-2-build-macosx-x86_64/jdk8u11/648/hotspot/src/share/vm/prims/jvm.cpp, line 1248]
Event: 5.801 Thread 0x00007f873a10b000 Exception <a 'java/security/PrivilegedActionException'> (0x00000007960d6d18) thrown at [/HUDSON3/workspace/8-2-build-macosx-x86_64/jdk8u11/648/hotspot/src/share/vm/prims/jvm.cpp, line 1248]
Event: 5.801 Thread 0x00007f873a10b000 Exception <a 'java/security/PrivilegedActionException'> (0x00000007960dcf10) thrown at [/HUDSON3/workspace/8-2-build-macosx-x86_64/jdk8u11/648/hotspot/src/share/vm/prims/jvm.cpp, line 1248]
Event: 5.802 Thread 0x00007f873a10b000 Exception <a 'java/security/PrivilegedActionException'> (0x00000007960eacb8) thrown at [/HUDSON3/workspace/8-2-build-macosx-x86_64/jdk8u11/648/hotspot/src/share/vm/prims/jvm.cpp, line 1248]
Event: 5.803 Thread 0x00007f873a10b000 Exception <a 'java/security/PrivilegedActionException'> (0x00000007960f10a0) thrown at [/HUDSON3/workspace/8-2-build-macosx-x86_64/jdk8u11/648/hotspot/src/share/vm/prims/jvm.cpp, line 1248]
Event: 8.019 Thread 0x00007f873a10b000 Implicit null exception at 0x000000010999bc50 to 0x000000010999c265
Event: 20.459 Thread 0x00007f873a10b000 Implicit null exception at 0x0000000109baf48b to 0x0000000109bb0329

Events (10 events):
Event: 20.468 Thread 0x00007f873a10b000 Uncommon trap: trap_request=0xffffffde fr.pc=0x0000000109bb81bc
Event: 20.468 Thread 0x00007f873a10b000 DEOPT PACKING pc=0x0000000109bb81bc sp=0x00007fff581740e0
Event: 20.468 Thread 0x00007f873a10b000 DEOPT UNPACKING pc=0x0000000109447250 sp=0x00007fff58173e38 mode 2
Event: 20.468 Thread 0x00007f873a10b000 Uncommon trap: trap_request=0xffffffde fr.pc=0x0000000109bb81bc
Event: 20.468 Thread 0x00007f873a10b000 DEOPT PACKING pc=0x0000000109bb81bc sp=0x00007fff581740e0
Event: 20.468 Thread 0x00007f873a10b000 DEOPT UNPACKING pc=0x0000000109447250 sp=0x00007fff58173e38 mode 2
Event: 20.469 loading class com/sun/scenario/effect/InvertMask
Event: 20.469 loading class com/sun/scenario/effect/InvertMask done
Event: 20.473 Executing VM operation: RevokeBias
Event: 20.473 Executing VM operation: RevokeBias done


Dynamic libraries:
0x0000000003e91000 	/System/Library/Frameworks/Cocoa.framework/Versions/A/Cocoa
0x0000000003e91000 	/System/Library/Frameworks/Security.framework/Versions/A/Security
0x0000000003e91000 	/System/Library/Frameworks/ApplicationServices.framework/Versions/A/ApplicationServices
0x0000000003e91000 	/usr/lib/libz.1.dylib
0x0000000003e91000 	/usr/lib/libSystem.B.dylib
0x0000000003e91000 	/usr/lib/libobjc.A.dylib
0x0000000003e91000 	/System/Library/Frameworks/CoreFoundation.framework/Versions/A/CoreFoundation
0x0000000003e91000 	/System/Library/Frameworks/Foundation.framework/Versions/C/Foundation
0x0000000003e91000 	/System/Library/Frameworks/AppKit.framework/Versions/C/AppKit
0x0000000003e91000 	/System/Library/Frameworks/CoreData.framework/Versions/A/CoreData
0x0000000003e91000 	/System/Library/PrivateFrameworks/RemoteViewServices.framework/Versions/A/RemoteViewServices
0x0000000003e91000 	/System/Library/PrivateFrameworks/UIFoundation.framework/Versions/A/UIFoundation
0x0000000003e91000 	/System/Library/Frameworks/IOSurface.framework/Versions/A/IOSurface
0x0000000003e91000 	/System/Library/Frameworks/AudioToolbox.framework/Versions/A/AudioToolbox
0x0000000003e91000 	/System/Library/Frameworks/AudioUnit.framework/Versions/A/AudioUnit
0x0000000003e91000 	/System/Library/PrivateFrameworks/DataDetectorsCore.framework/Versions/A/DataDetectorsCore
0x0000000003e91000 	/System/Library/PrivateFrameworks/DesktopServicesPriv.framework/Versions/A/DesktopServicesPriv
0x0000000003e91000 	/System/Library/Frameworks/Carbon.framework/Versions/A/Frameworks/HIToolbox.framework/Versions/A/HIToolbox
0x0000000003e91000 	/System/Library/Frameworks/QuartzCore.framework/Versions/A/QuartzCore
0x0000000003e91000 	/System/Library/Frameworks/Carbon.framework/Versions/A/Frameworks/SpeechRecognition.framework/Versions/A/SpeechRecognition
0x0000000003e91000 	/usr/lib/libauto.dylib
0x0000000003e91000 	/usr/lib/libicucore.A.dylib
0x0000000003e91000 	/usr/lib/libxml2.2.dylib
0x0000000003e91000 	/System/Library/PrivateFrameworks/CoreUI.framework/Versions/A/CoreUI
0x0000000003e91000 	/System/Library/Frameworks/CoreAudio.framework/Versions/A/CoreAudio
0x0000000003e91000 	/System/Library/Frameworks/DiskArbitration.framework/Versions/A/DiskArbitration
0x0000000003e91000 	/usr/lib/liblangid.dylib
0x0000000003e91000 	/System/Library/PrivateFrameworks/MultitouchSupport.framework/Versions/A/MultitouchSupport
0x0000000003e91000 	/System/Library/Frameworks/IOKit.framework/Versions/A/IOKit
0x0000000003e91000 	/usr/lib/libDiagnosticMessagesClient.dylib
0x0000000003e91000 	/System/Library/Frameworks/CoreServices.framework/Versions/A/CoreServices
0x0000000003e91000 	/System/Library/PrivateFrameworks/PerformanceAnalysis.framework/Versions/A/PerformanceAnalysis
0x0000000003e91000 	/System/Library/PrivateFrameworks/GenerationalStorage.framework/Versions/A/GenerationalStorage
0x0000000003e91000 	/System/Library/Frameworks/OpenGL.framework/Versions/A/OpenGL
0x0000000003e91000 	/System/Library/PrivateFrameworks/Sharing.framework/Versions/A/Sharing
0x0000000003e91000 	/System/Library/Frameworks/CoreGraphics.framework/Versions/A/CoreGraphics
0x0000000003e91000 	/System/Library/Frameworks/CoreText.framework/Versions/A/CoreText
0x0000000003e91000 	/System/Library/Frameworks/ImageIO.framework/Versions/A/ImageIO
0x0000000003e91000 	/usr/lib/libextension.dylib
0x0000000003e91000 	/System/Library/PrivateFrameworks/Backup.framework/Versions/A/Backup
0x0000000003e91000 	/usr/lib/libarchive.2.dylib
0x0000000003e91000 	/System/Library/Frameworks/CFNetwork.framework/Versions/A/CFNetwork
0x0000000003e91000 	/System/Library/Frameworks/SystemConfiguration.framework/Versions/A/SystemConfiguration
0x0000000003e91000 	/usr/lib/libCRFSuite.dylib
0x0000000003e91000 	/usr/lib/libc++.1.dylib
0x0000000003e91000 	/usr/lib/libc++abi.dylib
0x0000000003e91000 	/usr/lib/system/libcache.dylib
0x0000000003e91000 	/usr/lib/system/libcommonCrypto.dylib
0x0000000003e91000 	/usr/lib/system/libcompiler_rt.dylib
0x0000000003e91000 	/usr/lib/system/libcopyfile.dylib
0x0000000003e91000 	/usr/lib/system/libcorecrypto.dylib
0x0000000003e91000 	/usr/lib/system/libdispatch.dylib
0x0000000003e91000 	/usr/lib/system/libdyld.dylib
0x0000000003e91000 	/usr/lib/system/libkeymgr.dylib
0x0000000003e91000 	/usr/lib/system/liblaunch.dylib
0x0000000003e91000 	/usr/lib/system/libmacho.dylib
0x0000000003e91000 	/usr/lib/system/libquarantine.dylib
0x0000000003e91000 	/usr/lib/system/libremovefile.dylib
0x0000000003e91000 	/usr/lib/system/libsystem_asl.dylib
0x0000000003e91000 	/usr/lib/system/libsystem_blocks.dylib
0x0000000003e91000 	/usr/lib/system/libsystem_c.dylib
0x0000000003e91000 	/usr/lib/system/libsystem_configuration.dylib
0x0000000003e91000 	/usr/lib/system/libsystem_coreservices.dylib
0x0000000003e91000 	/usr/lib/system/libsystem_coretls.dylib
0x0000000003e91000 	/usr/lib/system/libsystem_dnssd.dylib
0x0000000003e91000 	/usr/lib/system/libsystem_info.dylib
0x0000000003e91000 	/usr/lib/system/libsystem_kernel.dylib
0x0000000003e91000 	/usr/lib/system/libsystem_m.dylib
0x0000000003e91000 	/usr/lib/system/libsystem_malloc.dylib
0x0000000003e91000 	/usr/lib/system/libsystem_network.dylib
0x0000000003e91000 	/usr/lib/system/libsystem_networkextension.dylib
0x0000000003e91000 	/usr/lib/system/libsystem_notify.dylib
0x0000000003e91000 	/usr/lib/system/libsystem_platform.dylib
0x0000000003e91000 	/usr/lib/system/libsystem_pthread.dylib
0x0000000003e91000 	/usr/lib/system/libsystem_sandbox.dylib
0x0000000003e91000 	/usr/lib/system/libsystem_secinit.dylib
0x0000000003e91000 	/usr/lib/system/libsystem_stats.dylib
0x0000000003e91000 	/usr/lib/system/libsystem_trace.dylib
0x0000000003e91000 	/usr/lib/system/libunc.dylib
0x0000000003e91000 	/usr/lib/system/libunwind.dylib
0x0000000003e91000 	/usr/lib/system/libxpc.dylib
0x0000000003e91000 	/usr/lib/libbz2.1.0.dylib
0x0000000003e91000 	/usr/lib/liblzma.5.dylib
0x0000000003e91000 	/usr/lib/libbsm.0.dylib
0x0000000003e91000 	/usr/lib/libsqlite3.dylib
0x0000000003e91000 	/usr/lib/system/libkxld.dylib
0x0000000003e91000 	/usr/lib/libxar.1.dylib
0x0000000003e91000 	/usr/lib/libpam.2.dylib
0x0000000003e91000 	/usr/lib/libOpenScriptingUtil.dylib
0x0000000003e91000 	/System/Library/Frameworks/CoreServices.framework/Versions/A/Frameworks/FSEvents.framework/Versions/A/FSEvents
0x0000000003e91000 	/System/Library/Frameworks/CoreServices.framework/Versions/A/Frameworks/CarbonCore.framework/Versions/A/CarbonCore
0x0000000003e91000 	/System/Library/Frameworks/CoreServices.framework/Versions/A/Frameworks/Metadata.framework/Versions/A/Metadata
0x0000000003e91000 	/System/Library/Frameworks/CoreServices.framework/Versions/A/Frameworks/OSServices.framework/Versions/A/OSServices
0x0000000003e91000 	/System/Library/Frameworks/CoreServices.framework/Versions/A/Frameworks/SearchKit.framework/Versions/A/SearchKit
0x0000000003e91000 	/System/Library/Frameworks/CoreServices.framework/Versions/A/Frameworks/AE.framework/Versions/A/AE
0x0000000003e91000 	/System/Library/Frameworks/CoreServices.framework/Versions/A/Frameworks/LaunchServices.framework/Versions/A/LaunchServices
0x0000000003e91000 	/System/Library/Frameworks/CoreServices.framework/Versions/A/Frameworks/DictionaryServices.framework/Versions/A/DictionaryServices
0x0000000003e91000 	/System/Library/Frameworks/NetFS.framework/Versions/A/NetFS
0x0000000003e91000 	/System/Library/PrivateFrameworks/NetAuth.framework/Versions/A/NetAuth
0x0000000003e91000 	/System/Library/PrivateFrameworks/login.framework/Versions/A/Frameworks/loginsupport.framework/Versions/A/loginsupport
0x0000000003e91000 	/System/Library/PrivateFrameworks/TCC.framework/Versions/A/TCC
0x0000000003e91000 	/usr/lib/libmecabra.dylib
0x0000000003e91000 	/System/Library/Frameworks/ApplicationServices.framework/Versions/A/Frameworks/ATS.framework/Versions/A/ATS
0x0000000003e91000 	/System/Library/Frameworks/ApplicationServices.framework/Versions/A/Frameworks/ColorSync.framework/Versions/A/ColorSync
0x0000000003e91000 	/System/Library/Frameworks/ApplicationServices.framework/Versions/A/Frameworks/HIServices.framework/Versions/A/HIServices
0x0000000003e91000 	/System/Library/Frameworks/ApplicationServices.framework/Versions/A/Frameworks/LangAnalysis.framework/Versions/A/LangAnalysis
0x0000000003e91000 	/System/Library/Frameworks/ApplicationServices.framework/Versions/A/Frameworks/PrintCore.framework/Versions/A/PrintCore
0x0000000003e91000 	/System/Library/Frameworks/ApplicationServices.framework/Versions/A/Frameworks/QD.framework/Versions/A/QD
0x0000000003e91000 	/System/Library/Frameworks/ApplicationServices.framework/Versions/A/Frameworks/SpeechSynthesis.framework/Versions/A/SpeechSynthesis
0x0000000003e91000 	/System/Library/Frameworks/Accelerate.framework/Versions/A/Accelerate
0x0000000003e91000 	/System/Library/Frameworks/Accelerate.framework/Versions/A/Frameworks/vImage.framework/Versions/A/vImage
0x0000000003e91000 	/System/Library/Frameworks/Accelerate.framework/Versions/A/Frameworks/vecLib.framework/Versions/A/vecLib
0x0000000003e91000 	/System/Library/Frameworks/Accelerate.framework/Versions/A/Frameworks/vecLib.framework/Versions/A/libvDSP.dylib
0x0000000003e91000 	/System/Library/Frameworks/Accelerate.framework/Versions/A/Frameworks/vecLib.framework/Versions/A/libvMisc.dylib
0x0000000003e91000 	/System/Library/Frameworks/Accelerate.framework/Versions/A/Frameworks/vecLib.framework/Versions/A/libLAPACK.dylib
0x0000000003e91000 	/System/Library/Frameworks/Accelerate.framework/Versions/A/Frameworks/vecLib.framework/Versions/A/libBLAS.dylib
0x0000000003e91000 	/System/Library/Frameworks/Accelerate.framework/Versions/A/Frameworks/vecLib.framework/Versions/A/libLinearAlgebra.dylib
0x0000000003e91000 	/System/Library/Frameworks/ApplicationServices.framework/Versions/A/Frameworks/ATS.framework/Versions/A/Resources/libFontParser.dylib
0x0000000003e91000 	/System/Library/Frameworks/ApplicationServices.framework/Versions/A/Frameworks/ATS.framework/Versions/A/Resources/libFontRegistry.dylib
0x0000000003e91000 	/System/Library/PrivateFrameworks/AppleVPA.framework/Versions/A/AppleVPA
0x0000000003e91000 	/System/Library/PrivateFrameworks/AppleJPEG.framework/Versions/A/AppleJPEG
0x0000000003e91000 	/System/Library/Frameworks/ImageIO.framework/Versions/A/Resources/libJPEG.dylib
0x0000000003e91000 	/System/Library/Frameworks/ImageIO.framework/Versions/A/Resources/libTIFF.dylib
0x0000000003e91000 	/System/Library/Frameworks/ImageIO.framework/Versions/A/Resources/libPng.dylib
0x0000000003e91000 	/System/Library/Frameworks/ImageIO.framework/Versions/A/Resources/libGIF.dylib
0x0000000003e91000 	/System/Library/Frameworks/ImageIO.framework/Versions/A/Resources/libJP2.dylib
0x0000000003e91000 	/System/Library/Frameworks/ImageIO.framework/Versions/A/Resources/libRadiance.dylib
0x0000000003e91000 	/System/Library/Frameworks/CoreVideo.framework/Versions/A/CoreVideo
0x0000000003e91000 	/System/Library/Frameworks/OpenGL.framework/Versions/A/Libraries/libGLU.dylib
0x0000000003e91000 	/System/Library/Frameworks/OpenGL.framework/Versions/A/Libraries/libGFXShared.dylib
0x0000000003e91000 	/System/Library/Frameworks/OpenGL.framework/Versions/A/Libraries/libGL.dylib
0x0000000003e91000 	/System/Library/Frameworks/OpenGL.framework/Versions/A/Libraries/libGLImage.dylib
0x0000000003e91000 	/System/Library/Frameworks/OpenGL.framework/Versions/A/Libraries/libCVMSPluginSupport.dylib
0x0000000003e91000 	/System/Library/Frameworks/OpenGL.framework/Versions/A/Libraries/libCoreVMClient.dylib
0x0000000003e91000 	/usr/lib/libcups.2.dylib
0x0000000003e91000 	/System/Library/Frameworks/Kerberos.framework/Versions/A/Kerberos
0x0000000003e91000 	/System/Library/Frameworks/GSS.framework/Versions/A/GSS
0x0000000003e91000 	/usr/lib/libresolv.9.dylib
0x0000000003e91000 	/usr/lib/libiconv.2.dylib
0x0000000003e91000 	/System/Library/PrivateFrameworks/Heimdal.framework/Versions/A/Heimdal
0x0000000003e91000 	/usr/lib/libheimdal-asn1.dylib
0x0000000003e91000 	/System/Library/Frameworks/OpenDirectory.framework/Versions/A/OpenDirectory
0x0000000003e91000 	/System/Library/PrivateFrameworks/CommonAuth.framework/Versions/A/CommonAuth
0x0000000003e91000 	/System/Library/Frameworks/OpenDirectory.framework/Versions/A/Frameworks/CFOpenDirectory.framework/Versions/A/CFOpenDirectory
0x0000000003e91000 	/System/Library/Frameworks/SecurityFoundation.framework/Versions/A/SecurityFoundation
0x0000000003e91000 	/System/Library/PrivateFrameworks/LanguageModeling.framework/Versions/A/LanguageModeling
0x0000000003e91000 	/usr/lib/libcmph.dylib
0x0000000003e91000 	/System/Library/Frameworks/ServiceManagement.framework/Versions/A/ServiceManagement
0x0000000003e91000 	/usr/lib/libxslt.1.dylib
0x0000000003e91000 	/System/Library/Frameworks/Carbon.framework/Versions/A/Frameworks/Ink.framework/Versions/A/Ink
0x0000000003e91000 	/System/Library/Frameworks/QuartzCore.framework/Versions/A/Frameworks/CoreImage.framework/Versions/A/CoreImage
0x0000000003e91000 	/System/Library/PrivateFrameworks/CrashReporterSupport.framework/Versions/A/CrashReporterSupport
0x0000000003e91000 	/System/Library/Frameworks/OpenCL.framework/Versions/A/OpenCL
0x0000000003e91000 	/System/Library/PrivateFrameworks/FaceCore.framework/Versions/A/FaceCore
0x0000000003e91000 	/System/Library/PrivateFrameworks/Ubiquity.framework/Versions/A/Ubiquity
0x0000000003e91000 	/System/Library/PrivateFrameworks/IconServices.framework/Versions/A/IconServices
0x0000000003e91000 	/System/Library/PrivateFrameworks/ChunkingLibrary.framework/Versions/A/ChunkingLibrary
0x0000000003e91000 	/System/Library/PrivateFrameworks/Apple80211.framework/Versions/A/Apple80211
0x0000000003e91000 	/System/Library/Frameworks/CoreWLAN.framework/Versions/A/CoreWLAN
0x0000000003e91000 	/System/Library/Frameworks/IOBluetooth.framework/Versions/A/IOBluetooth
0x0000000003e91000 	/System/Library/PrivateFrameworks/CoreWiFi.framework/Versions/A/CoreWiFi
0x0000000003e91000 	/System/Library/Frameworks/CoreBluetooth.framework/Versions/A/CoreBluetooth
0x0000000003e91000 	/System/Library/PrivateFrameworks/DebugSymbols.framework/Versions/A/DebugSymbols
0x0000000003e91000 	/System/Library/PrivateFrameworks/CoreSymbolication.framework/Versions/A/CoreSymbolication
0x0000000003e91000 	/System/Library/PrivateFrameworks/Symbolication.framework/Versions/A/Symbolication
0x0000000003e91000 	/System/Library/PrivateFrameworks/SpeechRecognitionCore.framework/Versions/A/SpeechRecognitionCore
0x0000000107b84000 	/Library/Java/JavaVirtualMachines/jdk1.8.0_11.jdk/Contents/Home/jre/lib/server/libjvm.dylib
0x0000000003e91000 	/usr/lib/libstdc++.6.dylib
0x0000000108b5f000 	/Library/Java/JavaVirtualMachines/jdk1.8.0_11.jdk/Contents/Home/jre/lib/libverify.dylib
0x0000000108b6d000 	/Library/Java/JavaVirtualMachines/jdk1.8.0_11.jdk/Contents/Home/jre/lib/libjava.dylib
0x0000000108bab000 	/Library/Java/JavaVirtualMachines/jdk1.8.0_11.jdk/Contents/Home/jre/lib/libzip.dylib
0x000000011f42c000 	/System/Library/Frameworks/JavaVM.framework/Frameworks/JavaRuntimeSupport.framework/JavaRuntimeSupport
0x000000011f444000 	/System/Library/Frameworks/JavaVM.framework/Versions/A/Frameworks/JavaNativeFoundation.framework/Versions/A/JavaNativeFoundation
0x000000011f459000 	/System/Library/Frameworks/JavaVM.framework/Versions/A/JavaVM
0x0000000003e91000 	/System/Library/Frameworks/Carbon.framework/Versions/A/Carbon
0x000000011f466000 	/System/Library/PrivateFrameworks/JavaLaunching.framework/Versions/A/JavaLaunching
0x0000000003e91000 	/System/Library/Frameworks/Carbon.framework/Versions/A/Frameworks/CommonPanels.framework/Versions/A/CommonPanels
0x0000000003e91000 	/System/Library/Frameworks/Carbon.framework/Versions/A/Frameworks/Help.framework/Versions/A/Help
0x0000000003e91000 	/System/Library/Frameworks/Carbon.framework/Versions/A/Frameworks/ImageCapture.framework/Versions/A/ImageCapture
0x0000000003e91000 	/System/Library/Frameworks/Carbon.framework/Versions/A/Frameworks/OpenScripting.framework/Versions/A/OpenScripting
0x0000000003e91000 	/System/Library/Frameworks/Carbon.framework/Versions/A/Frameworks/Print.framework/Versions/A/Print
0x0000000003e91000 	/System/Library/Frameworks/Carbon.framework/Versions/A/Frameworks/SecurityHI.framework/Versions/A/SecurityHI
0x00000001214b1000 	/Applications/IntelliJ IDEA 14 CE.app/Contents/bin/libbreakgen64.jnilib
0x000000012165d000 	/Library/Java/JavaVirtualMachines/jdk1.8.0_11.jdk/Contents/Home/jre/lib/libnet.dylib
0x00000001218c1000 	/Library/Java/JavaVirtualMachines/jdk1.8.0_11.jdk/Contents/Home/jre/lib/libprism_es2.dylib
0x0000000003e91000 	/System/Library/Frameworks/OpenGL.framework/Versions/A/Resources/GLEngine.bundle/GLEngine
0x0000000003e91000 	/System/Library/Frameworks/OpenGL.framework/Versions/A/Libraries/libGLProgrammability.dylib
0x0000000000000000 	/System/Library/Extensions/AppleIntelHD5000GraphicsGLDriver.bundle/Contents/MacOS/AppleIntelHD5000GraphicsGLDriver
0x0000000003e91000 	/System/Library/PrivateFrameworks/IOAccelerator.framework/Versions/A/IOAccelerator
0x0000000003e91000 	/System/Library/PrivateFrameworks/GPUSupport.framework/Versions/A/Libraries/libGPUSupportMercury.dylib
0x0000000003e91000 	/System/Library/Frameworks/OpenGL.framework/Versions/A/Resources/GLRendererFloat.bundle/GLRendererFloat
0x0000000003e91000 	/System/Library/Frameworks/OpenCL.framework/Versions/A/Libraries/libcldcpuengine.dylib
0x0000000003e91000 	/System/Library/PrivateFrameworks/DiskImages.framework/Versions/A/DiskImages
0x0000000003e91000 	/System/Library/Frameworks/DiscRecording.framework/Versions/A/DiscRecording
0x0000000003e91000 	/usr/lib/libcsfde.dylib
0x0000000003e91000 	/usr/lib/libcurl.4.dylib
0x0000000003e91000 	/System/Library/PrivateFrameworks/MediaKit.framework/Versions/A/MediaKit
0x0000000003e91000 	/System/Library/PrivateFrameworks/ProtectedCloudStorage.framework/Versions/A/ProtectedCloudStorage
0x0000000003e91000 	/usr/lib/libCoreStorage.dylib
0x0000000003e91000 	/System/Library/PrivateFrameworks/EFILogin.framework/Versions/A/EFILogin
0x0000000003e91000 	/usr/lib/libutil.dylib
0x0000000003e91000 	/System/Library/PrivateFrameworks/FindMyDevice.framework/Versions/A/FindMyDevice
0x0000000003e91000 	/System/Library/Frameworks/LDAP.framework/Versions/A/LDAP
0x0000000003e91000 	/usr/lib/libsasl2.2.dylib
0x0000000003e91000 	/System/Library/PrivateFrameworks/CoreDaemon.framework/Versions/B/CoreDaemon
0x0000000003e91000 	/usr/lib/libcrypto.0.9.8.dylib
0x0000000003e91000 	/System/Library/PrivateFrameworks/AppleSRP.framework/Versions/A/AppleSRP
0x0000000003e91000 	/System/Library/PrivateFrameworks/TrustEvaluationAgent.framework/Versions/A/TrustEvaluationAgent
0x0000000121d72000 	/Library/Java/JavaVirtualMachines/jdk1.8.0_11.jdk/Contents/Home/jre/lib/libglass.dylib
0x0000000003e91000 	/System/Library/PrivateFrameworks/CoreServicesInternal.framework/Versions/A/CoreServicesInternal
0x0000000003e91000 	/System/Library/PrivateFrameworks/CloudDocs.framework/Versions/A/CloudDocs
0x0000000003e91000 	/System/Library/PrivateFrameworks/CoreDuet.framework/Versions/A/CoreDuet
0x0000000003e91000 	/System/Library/Frameworks/CloudKit.framework/Versions/A/CloudKit
0x0000000003e91000 	/System/Library/PrivateFrameworks/ProtocolBuffer.framework/Versions/A/ProtocolBuffer
0x0000000003e91000 	/System/Library/PrivateFrameworks/CoreDuetDaemonProtocol.framework/Versions/A/CoreDuetDaemonProtocol
0x0000000003e91000 	/System/Library/PrivateFrameworks/CoreDuetDebugLogging.framework/Versions/A/CoreDuetDebugLogging
0x0000000003e91000 	/System/Library/PrivateFrameworks/MMCS.framework/Versions/A/MMCS
0x0000000003e91000 	/System/Library/Frameworks/CoreLocation.framework/Versions/A/CoreLocation
0x0000000003e91000 	/System/Library/PrivateFrameworks/GeoServices.framework/Versions/A/GeoServices
0x0000000003e91000 	/System/Library/Frameworks/CoreGraphics.framework/Versions/A/Resources/libCGCMS.A.dylib
0x0000000003e91000 	/System/Library/CoreServices/RawCamera.bundle/Contents/MacOS/RawCamera
0x0000000003e91000 	/System/Library/Frameworks/CoreGraphics.framework/Versions/A/Resources/libRIP.A.dylib
0x0000000003e91000 	/System/Library/PrivateFrameworks/FamilyControls.framework/Versions/A/FamilyControls
0x0000000003e91000 	/System/Library/PrivateFrameworks/CommerceKit.framework/Versions/A/Frameworks/CommerceCore.framework/Versions/A/CommerceCore
0x0000000003e91000 	/System/Library/PrivateFrameworks/SystemAdministration.framework/Versions/A/SystemAdministration
0x0000000003e91000 	/System/Library/PrivateFrameworks/AppContainer.framework/Versions/A/AppContainer
0x0000000003e91000 	/System/Library/PrivateFrameworks/SecCodeWrapper.framework/Versions/A/SecCodeWrapper
0x0000000003e91000 	/System/Library/Frameworks/DirectoryService.framework/Versions/A/DirectoryService
0x0000000003e91000 	/System/Library/PrivateFrameworks/LoginUIKit.framework/Versions/A/Frameworks/LoginUICore.framework/Versions/A/LoginUICore
0x0000000003e91000 	/usr/lib/libodfde.dylib
0x0000000125cba000 	/Library/Java/JavaVirtualMachines/jdk1.8.0_11.jdk/Contents/Home/jre/lib/libjavafx_font.dylib
0x0000000003e91000 	/System/Library/Frameworks/CoreGraphics.framework/Versions/A/Resources/libCGXType.A.dylib
0x0000000127e4e000 	cl_kernels
0x0000000127e50000 	/System/Library/Frameworks/OpenCL.framework/Versions/A/Libraries/ImageFormats/unorm8_bgra.dylib
0x0000000127e4a000 	cl_kernels
0x00000001293c4000 	/Library/Java/JavaVirtualMachines/jdk1.8.0_11.jdk/Contents/Home/jre/lib/libprism_common.dylib
0x0000000129f31000 	/Library/Java/JavaVirtualMachines/jdk1.8.0_11.jdk/Contents/Home/jre/lib/libjavafx_iio.dylib

VM Arguments:
jvm_args: -Didea.launcher.port=7543 -Didea.launcher.bin.path=/Applications/IntelliJ IDEA 14 CE.app/Contents/bin -Dfile.encoding=UTF-8 
java_command: com.intellij.rt.execution.application.AppMain Main.Main
java_class_path (initial): /Library/Java/JavaVirtualMachines/jdk1.8.0_11.jdk/Contents/Home/lib/ant-javafx.jar:/Library/Java/JavaVirtualMachines/jdk1.8.0_11.jdk/Contents/Home/lib/dt.jar:/Library/Java/JavaVirtualMachines/jdk1.8.0_11.jdk/Contents/Home/lib/javafx-mx.jar:/Library/Java/JavaVirtualMachines/jdk1.8.0_11.jdk/Contents/Home/lib/jconsole.jar:/Library/Java/JavaVirtualMachines/jdk1.8.0_11.jdk/Contents/Home/lib/sa-jdi.jar:/Library/Java/JavaVirtualMachines/jdk1.8.0_11.jdk/Contents/Home/lib/tools.jar:/Library/Java/JavaVirtualMachines/jdk1.8.0_11.jdk/Contents/Home/jre/lib/charsets.jar:/Library/Java/JavaVirtualMachines/jdk1.8.0_11.jdk/Contents/Home/jre/lib/deploy.jar:/Library/Java/JavaVirtualMachines/jdk1.8.0_11.jdk/Contents/Home/jre/lib/htmlconverter.jar:/Library/Java/JavaVirtualMachines/jdk1.8.0_11.jdk/Contents/Home/jre/lib/javaws.jar:/Library/Java/JavaVirtualMachines/jdk1.8.0_11.jdk/Contents/Home/jre/lib/jce.jar:/Library/Java/JavaVirtualMachines/jdk1.8.0_11.jdk/Contents/Home/jre/lib/jfr.jar:/Library/Java/JavaVirtualMachines/jdk1.8.0_11.jdk/Contents/Home/jre/lib/jfxswt.jar:/Library/Java/JavaVirtualMachines/jdk1.8.0_11.jdk/Contents/Home/jre/lib/jsse.jar:/Library/Java/JavaVirtualMachines/jdk1.8.0_11.jdk/Contents/Home/jre/lib/management-agent.jar:/Library/Java/JavaVirtualMachines/jdk1.8.0_11.jdk/Contents/Home/jre/lib/plugin.jar:/Library/Java/JavaVirtualMachines/jdk1.8.0_11.jdk/Contents/Home/jre/lib/resources.jar:/Library/Java/JavaVirtualMachines/jdk1.8.0_11.jdk/Contents/Home/jre/lib/rt.jar:/Library/Java/JavaVirtualMachines/jdk1.8.0_11.jdk/Contents/Home/jre/lib/ext/cldrdata.jar:/Library/Java/JavaVirtualMachines/jdk1.8.0_11.jdk/Contents/Home/jre/lib/ext/dnsns.jar:/Library/Java/JavaVirtualMachines/jdk1.8.0_11.jdk/Contents/Home/jre/lib/ext/jfxrt.jar:/Library/Java/JavaVirtualMachines/jdk1.8.0_11.jdk/Contents/Home/jre/lib/ext/localedata.jar:/Library/Java/JavaVirtualMachines/jdk1.8.0_11.jdk/Contents/Home/jre/lib/ext/nashorn.jar:/Library/Java/JavaVirtualMachines/jdk1.8.0_11.j
Launcher Type: SUN_STANDARD

Environment Variables:
PATH=/opt/local/bin:/opt/local/sbin:/Library/Frameworks/Python.framework/Versions/3.4/bin:/opt/local/bin:/opt/local/sbin:/usr/local/bin:/usr/bin:/bin:/usr/sbin:/sbin
SHELL=/bin/bash

Signal Handlers:
SIGSEGV: [libjvm.dylib+0x56059b], sa_mask[0]=0xfffefeff, sa_flags=0x00000043
SIGBUS: [libjvm.dylib+0x56059b], sa_mask[0]=0xfffefeff, sa_flags=0x00000042
SIGFPE: [libjvm.dylib+0x4438f2], sa_mask[0]=0xfffefeff, sa_flags=0x00000042
SIGPIPE: [libjvm.dylib+0x4438f2], sa_mask[0]=0xfffefeff, sa_flags=0x00000042
SIGXFSZ: [libjvm.dylib+0x4438f2], sa_mask[0]=0xfffefeff, sa_flags=0x00000042
SIGILL: [libjvm.dylib+0x4438f2], sa_mask[0]=0xfffefeff, sa_flags=0x00000042
SIGUSR1: SIG_DFL, sa_mask[0]=0x00000000, sa_flags=0x00000000
SIGUSR2: [libjvm.dylib+0x443410], sa_mask[0]=0x00000004, sa_flags=0x00000042
SIGHUP: [libjvm.dylib+0x44179b], sa_mask[0]=0xfffefeff, sa_flags=0x00000042
SIGINT: [libjvm.dylib+0x44179b], sa_mask[0]=0xfffefeff, sa_flags=0x00000042
SIGTERM: [libjvm.dylib+0x44179b], sa_mask[0]=0xfffefeff, sa_flags=0x00000042
SIGQUIT: [libjvm.dylib+0x44179b], sa_mask[0]=0xfffefeff, sa_flags=0x00000042


---------------  S Y S T E M  ---------------

OS:Bsduname:Darwin 14.3.0 Darwin Kernel Version 14.3.0: Mon Mar 23 11:59:05 PDT 2015; root:xnu-2782.20.48~5/RELEASE_X86_64 x86_64
rlimit: STACK 8192k, CORE 0k, NPROC 709, NOFILE 10240, AS infinity
load average:4.48 3.33 2.84

CPU:total 4 (2 cores per cpu, 2 threads per core) family 6 model 69 stepping 1, cmov, cx8, fxsr, mmx, sse, sse2, sse3, ssse3, sse4.1, sse4.2, popcnt, avx, avx2, aes, clmul, erms, ht, tsc, tscinvbit

Memory: 4k page, physical 8388608k(2985344k free)

/proc/meminfo:


vm_info: Java HotSpot(TM) 64-Bit Server VM (25.11-b03) for bsd-amd64 JRE (1.8.0_11-b12), built on Jun 16 2014 17:39:42 by "java_re" with gcc 4.2.1 (Based on Apple Inc. build 5658) (LLVM build 2336.11.00)

time: Wed Apr 22 16:18:36 2015
elapsed time: 21 seconds

